ERROR - 2022-06-09 19:37:13 --> Error connecting to the database: Unknown database 'wedding'
CRITICAL - 2022-06-09 19:37:13 --> Unable to connect to the database.
Main connection [MySQLi]: Unknown database 'wedding'
#0 C:\xampp\htdocs\wedding_org-master\system\Database\BaseConnection.php(577): CodeIgniter\Database\BaseConnection->initialize()
#1 C:\xampp\htdocs\wedding_org-master\system\Database\BaseBuilder.php(1588): CodeIgniter\Database\BaseConnection->query('SELECT *\nFROM `...', Array, false)
#2 C:\xampp\htdocs\wedding_org-master\app\Controllers\Auth.php(21): CodeIgniter\Database\BaseBuilder->getWhere(Array)
#3 C:\xampp\htdocs\wedding_org-master\system\CodeIgniter.php(832): App\Controllers\Auth->loginProcess()
#4 C:\xampp\htdocs\wedding_org-master\system\CodeIgniter.php(419): CodeIgniter\CodeIgniter->runController(Object(App\Controllers\Auth))
#5 C:\xampp\htdocs\wedding_org-master\system\CodeIgniter.php(326): CodeIgniter\CodeIgniter->handleRequest(NULL, Object(Config\Cache), false)
#6 C:\xampp\htdocs\wedding_org-master\public\index.php(37): CodeIgniter\CodeIgniter->run()
#7 C:\xampp\htdocs\wedding_org-master\system\Commands\Server\rewrite.php(43): require_once('C:\\xampp\\htdocs...')
#8 {main}
ERROR - 2022-06-09 19:38:56 --> Error connecting to the database: Unknown database 'wedding'
CRITICAL - 2022-06-09 19:38:56 --> Unable to connect to the database.
Main connection [MySQLi]: Unknown database 'wedding'
#0 C:\xampp\htdocs\wedding_org-master\system\Database\BaseConnection.php(577): CodeIgniter\Database\BaseConnection->initialize()
#1 C:\xampp\htdocs\wedding_org-master\system\Database\BaseBuilder.php(1588): CodeIgniter\Database\BaseConnection->query('SELECT *\nFROM `...', Array, false)
#2 C:\xampp\htdocs\wedding_org-master\app\Controllers\Auth.php(21): CodeIgniter\Database\BaseBuilder->getWhere(Array)
#3 C:\xampp\htdocs\wedding_org-master\system\CodeIgniter.php(832): App\Controllers\Auth->loginProcess()
#4 C:\xampp\htdocs\wedding_org-master\system\CodeIgniter.php(419): CodeIgniter\CodeIgniter->runController(Object(App\Controllers\Auth))
#5 C:\xampp\htdocs\wedding_org-master\system\CodeIgniter.php(326): CodeIgniter\CodeIgniter->handleRequest(NULL, Object(Config\Cache), false)
#6 C:\xampp\htdocs\wedding_org-master\public\index.php(37): CodeIgniter\CodeIgniter->run()
#7 C:\xampp\htdocs\wedding_org-master\system\Commands\Server\rewrite.php(43): require_once('C:\\xampp\\htdocs...')
#8 {main}
ERROR - 2022-06-09 19:55:45 --> Table 'wedding.gawe' doesn't exist
CRITICAL - 2022-06-09 19:55:45 --> Table 'wedding.gawe' doesn't exist
#0 C:\xampp\htdocs\wedding_org-master\system\Database\MySQLi\Connection.php(292): mysqli->query('SELECT COUNT(*)...', 0)
#1 C:\xampp\htdocs\wedding_org-master\system\Database\BaseConnection.php(670): CodeIgniter\Database\MySQLi\Connection->execute('SELECT COUNT(*)...')
#2 C:\xampp\htdocs\wedding_org-master\system\Database\BaseConnection.php(598): CodeIgniter\Database\BaseConnection->simpleQuery('SELECT COUNT(*)...')
#3 C:\xampp\htdocs\wedding_org-master\system\Database\BaseBuilder.php(1539): CodeIgniter\Database\BaseConnection->query('SELECT COUNT(*)...', Array, false)
#4 C:\xampp\htdocs\wedding_org-master\app\Helpers\custom_helper.php(9): CodeIgniter\Database\BaseBuilder->countAllResults()
#5 C:\xampp\htdocs\wedding_org-master\app\Views\home.php(25): countData('gawe')
#6 C:\xampp\htdocs\wedding_org-master\system\View\View.php(210): include('C:\\xampp\\htdocs...')
#7 C:\xampp\htdocs\wedding_org-master\system\View\View.php(213): CodeIgniter\View\View->CodeIgniter\View\{closure}()
#8 C:\xampp\htdocs\wedding_org-master\system\Common.php(1089): CodeIgniter\View\View->render('home', Array, true)
#9 C:\xampp\htdocs\wedding_org-master\app\Controllers\Home.php(9): view('home')
#10 C:\xampp\htdocs\wedding_org-master\system\CodeIgniter.php(832): App\Controllers\Home->index()
#11 C:\xampp\htdocs\wedding_org-master\system\CodeIgniter.php(419): CodeIgniter\CodeIgniter->runController(Object(App\Controllers\Home))
#12 C:\xampp\htdocs\wedding_org-master\system\CodeIgniter.php(326): CodeIgniter\CodeIgniter->handleRequest(NULL, Object(Config\Cache), false)
#13 C:\xampp\htdocs\wedding_org-master\public\index.php(37): CodeIgniter\CodeIgniter->run()
#14 C:\xampp\htdocs\wedding_org-master\system\Commands\Server\rewrite.php(43): require_once('C:\\xampp\\htdocs...')
#15 {main}
ERROR - 2022-06-09 20:01:48 --> Table 'wedding.gawe' doesn't exist
CRITICAL - 2022-06-09 20:01:48 --> Table 'wedding.gawe' doesn't exist
#0 C:\xampp\htdocs\wedding_org-master\system\Database\MySQLi\Connection.php(292): mysqli->query('SELECT COUNT(*)...', 0)
#1 C:\xampp\htdocs\wedding_org-master\system\Database\BaseConnection.php(670): CodeIgniter\Database\MySQLi\Connection->execute('SELECT COUNT(*)...')
#2 C:\xampp\htdocs\wedding_org-master\system\Database\BaseConnection.php(598): CodeIgniter\Database\BaseConnection->simpleQuery('SELECT COUNT(*)...')
#3 C:\xampp\htdocs\wedding_org-master\system\Database\BaseBuilder.php(1539): CodeIgniter\Database\BaseConnection->query('SELECT COUNT(*)...', Array, false)
#4 C:\xampp\htdocs\wedding_org-master\app\Helpers\custom_helper.php(9): CodeIgniter\Database\BaseBuilder->countAllResults()
#5 C:\xampp\htdocs\wedding_org-master\app\Views\home.php(25): countData('gawe')
#6 C:\xampp\htdocs\wedding_org-master\system\View\View.php(210): include('C:\\xampp\\htdocs...')
#7 C:\xampp\htdocs\wedding_org-master\system\View\View.php(213): CodeIgniter\View\View->CodeIgniter\View\{closure}()
#8 C:\xampp\htdocs\wedding_org-master\system\Common.php(1089): CodeIgniter\View\View->render('home', Array, true)
#9 C:\xampp\htdocs\wedding_org-master\app\Controllers\Home.php(9): view('home')
#10 C:\xampp\htdocs\wedding_org-master\system\CodeIgniter.php(832): App\Controllers\Home->index()
#11 C:\xampp\htdocs\wedding_org-master\system\CodeIgniter.php(419): CodeIgniter\CodeIgniter->runController(Object(App\Controllers\Home))
#12 C:\xampp\htdocs\wedding_org-master\system\CodeIgniter.php(326): CodeIgniter\CodeIgniter->handleRequest(NULL, Object(Config\Cache), false)
#13 C:\xampp\htdocs\wedding_org-master\public\index.php(37): CodeIgniter\CodeIgniter->run()
#14 C:\xampp\htdocs\wedding_org-master\system\Commands\Server\rewrite.php(43): require_once('C:\\xampp\\htdocs...')
#15 {main}
ERROR - 2022-06-09 20:01:54 --> Table 'wedding.gawe' doesn't exist
CRITICAL - 2022-06-09 20:01:54 --> Table 'wedding.gawe' doesn't exist
#0 C:\xampp\htdocs\wedding_org-master\system\Database\MySQLi\Connection.php(292): mysqli->query('SELECT COUNT(*)...', 0)
#1 C:\xampp\htdocs\wedding_org-master\system\Database\BaseConnection.php(670): CodeIgniter\Database\MySQLi\Connection->execute('SELECT COUNT(*)...')
#2 C:\xampp\htdocs\wedding_org-master\system\Database\BaseConnection.php(598): CodeIgniter\Database\BaseConnection->simpleQuery('SELECT COUNT(*)...')
#3 C:\xampp\htdocs\wedding_org-master\system\Database\BaseBuilder.php(1539): CodeIgniter\Database\BaseConnection->query('SELECT COUNT(*)...', Array, false)
#4 C:\xampp\htdocs\wedding_org-master\app\Helpers\custom_helper.php(9): CodeIgniter\Database\BaseBuilder->countAllResults()
#5 C:\xampp\htdocs\wedding_org-master\app\Views\home.php(25): countData('gawe')
#6 C:\xampp\htdocs\wedding_org-master\system\View\View.php(210): include('C:\\xampp\\htdocs...')
#7 C:\xampp\htdocs\wedding_org-master\system\View\View.php(213): CodeIgniter\View\View->CodeIgniter\View\{closure}()
#8 C:\xampp\htdocs\wedding_org-master\system\Common.php(1089): CodeIgniter\View\View->render('home', Array, true)
#9 C:\xampp\htdocs\wedding_org-master\app\Controllers\Home.php(9): view('home')
#10 C:\xampp\htdocs\wedding_org-master\system\CodeIgniter.php(832): App\Controllers\Home->index()
#11 C:\xampp\htdocs\wedding_org-master\system\CodeIgniter.php(419): CodeIgniter\CodeIgniter->runController(Object(App\Controllers\Home))
#12 C:\xampp\htdocs\wedding_org-master\system\CodeIgniter.php(326): CodeIgniter\CodeIgniter->handleRequest(NULL, Object(Config\Cache), false)
#13 C:\xampp\htdocs\wedding_org-master\public\index.php(37): CodeIgniter\CodeIgniter->run()
#14 C:\xampp\htdocs\wedding_org-master\system\Commands\Server\rewrite.php(43): require_once('C:\\xampp\\htdocs...')
#15 {main}
ERROR - 2022-06-09 20:02:09 --> Table 'wedding.gawe' doesn't exist
CRITICAL - 2022-06-09 20:02:09 --> Table 'wedding.gawe' doesn't exist
#0 C:\xampp\htdocs\wedding_org-master\system\Database\MySQLi\Connection.php(292): mysqli->query('SELECT COUNT(*)...', 0)
#1 C:\xampp\htdocs\wedding_org-master\system\Database\BaseConnection.php(670): CodeIgniter\Database\MySQLi\Connection->execute('SELECT COUNT(*)...')
#2 C:\xampp\htdocs\wedding_org-master\system\Database\BaseConnection.php(598): CodeIgniter\Database\BaseConnection->simpleQuery('SELECT COUNT(*)...')
#3 C:\xampp\htdocs\wedding_org-master\system\Database\BaseBuilder.php(1539): CodeIgniter\Database\BaseConnection->query('SELECT COUNT(*)...', Array, false)
#4 C:\xampp\htdocs\wedding_org-master\app\Helpers\custom_helper.php(9): CodeIgniter\Database\BaseBuilder->countAllResults()
#5 C:\xampp\htdocs\wedding_org-master\app\Views\home.php(25): countData('gawe')
#6 C:\xampp\htdocs\wedding_org-master\system\View\View.php(210): include('C:\\xampp\\htdocs...')
#7 C:\xampp\htdocs\wedding_org-master\system\View\View.php(213): CodeIgniter\View\View->CodeIgniter\View\{closure}()
#8 C:\xampp\htdocs\wedding_org-master\system\Common.php(1089): CodeIgniter\View\View->render('home', Array, true)
#9 C:\xampp\htdocs\wedding_org-master\app\Controllers\Home.php(9): view('home')
#10 C:\xampp\htdocs\wedding_org-master\system\CodeIgniter.php(832): App\Controllers\Home->index()
#11 C:\xampp\htdocs\wedding_org-master\system\CodeIgniter.php(419): CodeIgniter\CodeIgniter->runController(Object(App\Controllers\Home))
#12 C:\xampp\htdocs\wedding_org-master\system\CodeIgniter.php(326): CodeIgniter\CodeIgniter->handleRequest(NULL, Object(Config\Cache), false)
#13 C:\xampp\htdocs\wedding_org-master\public\index.php(37): CodeIgniter\CodeIgniter->run()
#14 C:\xampp\htdocs\wedding_org-master\system\Commands\Server\rewrite.php(43): require_once('C:\\xampp\\htdocs...')
#15 {main}
ERROR - 2022-06-09 20:02:57 --> Table 'wedding.gawe' doesn't exist
CRITICAL - 2022-06-09 20:02:57 --> Table 'wedding.gawe' doesn't exist
#0 C:\xampp\htdocs\wedding_org-master\system\Database\MySQLi\Connection.php(292): mysqli->query('SELECT COUNT(*)...', 0)
#1 C:\xampp\htdocs\wedding_org-master\system\Database\BaseConnection.php(670): CodeIgniter\Database\MySQLi\Connection->execute('SELECT COUNT(*)...')
#2 C:\xampp\htdocs\wedding_org-master\system\Database\BaseConnection.php(598): CodeIgniter\Database\BaseConnection->simpleQuery('SELECT COUNT(*)...')
#3 C:\xampp\htdocs\wedding_org-master\system\Database\BaseBuilder.php(1539): CodeIgniter\Database\BaseConnection->query('SELECT COUNT(*)...', Array, false)
#4 C:\xampp\htdocs\wedding_org-master\app\Helpers\custom_helper.php(9): CodeIgniter\Database\BaseBuilder->countAllResults()
#5 C:\xampp\htdocs\wedding_org-master\app\Views\home.php(25): countData('gawe')
#6 C:\xampp\htdocs\wedding_org-master\system\View\View.php(210): include('C:\\xampp\\htdocs...')
#7 C:\xampp\htdocs\wedding_org-master\system\View\View.php(213): CodeIgniter\View\View->CodeIgniter\View\{closure}()
#8 C:\xampp\htdocs\wedding_org-master\system\Common.php(1089): CodeIgniter\View\View->render('home', Array, true)
#9 C:\xampp\htdocs\wedding_org-master\app\Controllers\Home.php(9): view('home')
#10 C:\xampp\htdocs\wedding_org-master\system\CodeIgniter.php(832): App\Controllers\Home->index()
#11 C:\xampp\htdocs\wedding_org-master\system\CodeIgniter.php(419): CodeIgniter\CodeIgniter->runController(Object(App\Controllers\Home))
#12 C:\xampp\htdocs\wedding_org-master\system\CodeIgniter.php(326): CodeIgniter\CodeIgniter->handleRequest(NULL, Object(Config\Cache), false)
#13 C:\xampp\htdocs\wedding_org-master\public\index.php(37): CodeIgniter\CodeIgniter->run()
#14 C:\xampp\htdocs\wedding_org-master\system\Commands\Server\rewrite.php(43): require_once('C:\\xampp\\htdocs...')
#15 {main}
ERROR - 2022-06-09 20:03:28 --> Table 'wedding.gawe' doesn't exist
CRITICAL - 2022-06-09 20:03:28 --> Table 'wedding.gawe' doesn't exist
#0 C:\xampp\htdocs\wedding_org-master\system\Database\MySQLi\Connection.php(292): mysqli->query('SELECT COUNT(*)...', 0)
#1 C:\xampp\htdocs\wedding_org-master\system\Database\BaseConnection.php(670): CodeIgniter\Database\MySQLi\Connection->execute('SELECT COUNT(*)...')
#2 C:\xampp\htdocs\wedding_org-master\system\Database\BaseConnection.php(598): CodeIgniter\Database\BaseConnection->simpleQuery('SELECT COUNT(*)...')
#3 C:\xampp\htdocs\wedding_org-master\system\Database\BaseBuilder.php(1539): CodeIgniter\Database\BaseConnection->query('SELECT COUNT(*)...', Array, false)
#4 C:\xampp\htdocs\wedding_org-master\app\Helpers\custom_helper.php(9): CodeIgniter\Database\BaseBuilder->countAllResults()
#5 C:\xampp\htdocs\wedding_org-master\app\Views\home.php(25): countData('gawe')
#6 C:\xampp\htdocs\wedding_org-master\system\View\View.php(210): include('C:\\xampp\\htdocs...')
#7 C:\xampp\htdocs\wedding_org-master\system\View\View.php(213): CodeIgniter\View\View->CodeIgniter\View\{closure}()
#8 C:\xampp\htdocs\wedding_org-master\system\Common.php(1089): CodeIgniter\View\View->render('home', Array, true)
#9 C:\xampp\htdocs\wedding_org-master\app\Controllers\Home.php(9): view('home')
#10 C:\xampp\htdocs\wedding_org-master\system\CodeIgniter.php(832): App\Controllers\Home->index()
#11 C:\xampp\htdocs\wedding_org-master\system\CodeIgniter.php(419): CodeIgniter\CodeIgniter->runController(Object(App\Controllers\Home))
#12 C:\xampp\htdocs\wedding_org-master\system\CodeIgniter.php(326): CodeIgniter\CodeIgniter->handleRequest(NULL, Object(Config\Cache), false)
#13 C:\xampp\htdocs\wedding_org-master\public\index.php(37): CodeIgniter\CodeIgniter->run()
#14 C:\xampp\htdocs\wedding_org-master\system\Commands\Server\rewrite.php(43): require_once('C:\\xampp\\htdocs...')
#15 {main}
ERROR - 2022-06-09 20:03:31 --> Table 'wedding.gawe' doesn't exist
CRITICAL - 2022-06-09 20:03:31 --> Table 'wedding.gawe' doesn't exist
#0 C:\xampp\htdocs\wedding_org-master\system\Database\MySQLi\Connection.php(292): mysqli->query('SELECT COUNT(*)...', 0)
#1 C:\xampp\htdocs\wedding_org-master\system\Database\BaseConnection.php(670): CodeIgniter\Database\MySQLi\Connection->execute('SELECT COUNT(*)...')
#2 C:\xampp\htdocs\wedding_org-master\system\Database\BaseConnection.php(598): CodeIgniter\Database\BaseConnection->simpleQuery('SELECT COUNT(*)...')
#3 C:\xampp\htdocs\wedding_org-master\system\Database\BaseBuilder.php(1539): CodeIgniter\Database\BaseConnection->query('SELECT COUNT(*)...', Array, false)
#4 C:\xampp\htdocs\wedding_org-master\app\Helpers\custom_helper.php(9): CodeIgniter\Database\BaseBuilder->countAllResults()
#5 C:\xampp\htdocs\wedding_org-master\app\Views\home.php(25): countData('gawe')
#6 C:\xampp\htdocs\wedding_org-master\system\View\View.php(210): include('C:\\xampp\\htdocs...')
#7 C:\xampp\htdocs\wedding_org-master\system\View\View.php(213): CodeIgniter\View\View->CodeIgniter\View\{closure}()
#8 C:\xampp\htdocs\wedding_org-master\system\Common.php(1089): CodeIgniter\View\View->render('home', Array, true)
#9 C:\xampp\htdocs\wedding_org-master\app\Controllers\Home.php(9): view('home')
#10 C:\xampp\htdocs\wedding_org-master\system\CodeIgniter.php(832): App\Controllers\Home->index()
#11 C:\xampp\htdocs\wedding_org-master\system\CodeIgniter.php(419): CodeIgniter\CodeIgniter->runController(Object(App\Controllers\Home))
#12 C:\xampp\htdocs\wedding_org-master\system\CodeIgniter.php(326): CodeIgniter\CodeIgniter->handleRequest(NULL, Object(Config\Cache), false)
#13 C:\xampp\htdocs\wedding_org-master\public\index.php(37): CodeIgniter\CodeIgniter->run()
#14 C:\xampp\htdocs\wedding_org-master\system\Commands\Server\rewrite.php(43): require_once('C:\\xampp\\htdocs...')
#15 {main}
ERROR - 2022-06-09 20:03:36 --> Table 'wedding.gawe' doesn't exist
CRITICAL - 2022-06-09 20:03:36 --> Table 'wedding.gawe' doesn't exist
#0 C:\xampp\htdocs\wedding_org-master\system\Database\MySQLi\Connection.php(292): mysqli->query('SELECT COUNT(*)...', 0)
#1 C:\xampp\htdocs\wedding_org-master\system\Database\BaseConnection.php(670): CodeIgniter\Database\MySQLi\Connection->execute('SELECT COUNT(*)...')
#2 C:\xampp\htdocs\wedding_org-master\system\Database\BaseConnection.php(598): CodeIgniter\Database\BaseConnection->simpleQuery('SELECT COUNT(*)...')
#3 C:\xampp\htdocs\wedding_org-master\system\Database\BaseBuilder.php(1539): CodeIgniter\Database\BaseConnection->query('SELECT COUNT(*)...', Array, false)
#4 C:\xampp\htdocs\wedding_org-master\app\Helpers\custom_helper.php(9): CodeIgniter\Database\BaseBuilder->countAllResults()
#5 C:\xampp\htdocs\wedding_org-master\app\Views\home.php(25): countData('gawe')
#6 C:\xampp\htdocs\wedding_org-master\system\View\View.php(210): include('C:\\xampp\\htdocs...')
#7 C:\xampp\htdocs\wedding_org-master\system\View\View.php(213): CodeIgniter\View\View->CodeIgniter\View\{closure}()
#8 C:\xampp\htdocs\wedding_org-master\system\Common.php(1089): CodeIgniter\View\View->render('home', Array, true)
#9 C:\xampp\htdocs\wedding_org-master\app\Controllers\Home.php(9): view('home')
#10 C:\xampp\htdocs\wedding_org-master\system\CodeIgniter.php(832): App\Controllers\Home->index()
#11 C:\xampp\htdocs\wedding_org-master\system\CodeIgniter.php(419): CodeIgniter\CodeIgniter->runController(Object(App\Controllers\Home))
#12 C:\xampp\htdocs\wedding_org-master\system\CodeIgniter.php(326): CodeIgniter\CodeIgniter->handleRequest(NULL, Object(Config\Cache), false)
#13 C:\xampp\htdocs\wedding_org-master\public\index.php(37): CodeIgniter\CodeIgniter->run()
#14 C:\xampp\htdocs\wedding_org-master\system\Commands\Server\rewrite.php(43): require_once('C:\\xampp\\htdocs...')
#15 {main}
ERROR - 2022-06-09 20:03:56 --> Table 'wedding.gawe' doesn't exist
CRITICAL - 2022-06-09 20:03:56 --> Table 'wedding.gawe' doesn't exist
#0 C:\xampp\htdocs\wedding_org-master\system\Database\MySQLi\Connection.php(292): mysqli->query('SELECT COUNT(*)...', 0)
#1 C:\xampp\htdocs\wedding_org-master\system\Database\BaseConnection.php(670): CodeIgniter\Database\MySQLi\Connection->execute('SELECT COUNT(*)...')
#2 C:\xampp\htdocs\wedding_org-master\system\Database\BaseConnection.php(598): CodeIgniter\Database\BaseConnection->simpleQuery('SELECT COUNT(*)...')
#3 C:\xampp\htdocs\wedding_org-master\system\Database\BaseBuilder.php(1539): CodeIgniter\Database\BaseConnection->query('SELECT COUNT(*)...', Array, false)
#4 C:\xampp\htdocs\wedding_org-master\app\Helpers\custom_helper.php(9): CodeIgniter\Database\BaseBuilder->countAllResults()
#5 C:\xampp\htdocs\wedding_org-master\app\Views\home.php(25): countData('gawe')
#6 C:\xampp\htdocs\wedding_org-master\system\View\View.php(210): include('C:\\xampp\\htdocs...')
#7 C:\xampp\htdocs\wedding_org-master\system\View\View.php(213): CodeIgniter\View\View->CodeIgniter\View\{closure}()
#8 C:\xampp\htdocs\wedding_org-master\system\Common.php(1089): CodeIgniter\View\View->render('home', Array, true)
#9 C:\xampp\htdocs\wedding_org-master\app\Controllers\Home.php(9): view('home')
#10 C:\xampp\htdocs\wedding_org-master\system\CodeIgniter.php(832): App\Controllers\Home->index()
#11 C:\xampp\htdocs\wedding_org-master\system\CodeIgniter.php(419): CodeIgniter\CodeIgniter->runController(Object(App\Controllers\Home))
#12 C:\xampp\htdocs\wedding_org-master\system\CodeIgniter.php(326): CodeIgniter\CodeIgniter->handleRequest(NULL, Object(Config\Cache), false)
#13 C:\xampp\htdocs\wedding_org-master\public\index.php(37): CodeIgniter\CodeIgniter->run()
#14 C:\xampp\htdocs\wedding_org-master\system\Commands\Server\rewrite.php(43): require_once('C:\\xampp\\htdocs...')
#15 {main}
ERROR - 2022-06-09 20:05:27 --> Table 'wedding.gawe' doesn't exist
CRITICAL - 2022-06-09 20:05:27 --> Table 'wedding.gawe' doesn't exist
#0 C:\xampp\htdocs\wedding_org-master\system\Database\MySQLi\Connection.php(292): mysqli->query('SELECT COUNT(*)...', 0)
#1 C:\xampp\htdocs\wedding_org-master\system\Database\BaseConnection.php(670): CodeIgniter\Database\MySQLi\Connection->execute('SELECT COUNT(*)...')
#2 C:\xampp\htdocs\wedding_org-master\system\Database\BaseConnection.php(598): CodeIgniter\Database\BaseConnection->simpleQuery('SELECT COUNT(*)...')
#3 C:\xampp\htdocs\wedding_org-master\system\Database\BaseBuilder.php(1539): CodeIgniter\Database\BaseConnection->query('SELECT COUNT(*)...', Array, false)
#4 C:\xampp\htdocs\wedding_org-master\app\Helpers\custom_helper.php(9): CodeIgniter\Database\BaseBuilder->countAllResults()
#5 C:\xampp\htdocs\wedding_org-master\app\Views\home.php(25): countData('gawe')
#6 C:\xampp\htdocs\wedding_org-master\system\View\View.php(210): include('C:\\xampp\\htdocs...')
#7 C:\xampp\htdocs\wedding_org-master\system\View\View.php(213): CodeIgniter\View\View->CodeIgniter\View\{closure}()
#8 C:\xampp\htdocs\wedding_org-master\system\Common.php(1089): CodeIgniter\View\View->render('home', Array, true)
#9 C:\xampp\htdocs\wedding_org-master\app\Controllers\Home.php(9): view('home')
#10 C:\xampp\htdocs\wedding_org-master\system\CodeIgniter.php(832): App\Controllers\Home->index()
#11 C:\xampp\htdocs\wedding_org-master\system\CodeIgniter.php(419): CodeIgniter\CodeIgniter->runController(Object(App\Controllers\Home))
#12 C:\xampp\htdocs\wedding_org-master\system\CodeIgniter.php(326): CodeIgniter\CodeIgniter->handleRequest(NULL, Object(Config\Cache), false)
#13 C:\xampp\htdocs\wedding_org-master\public\index.php(37): CodeIgniter\CodeIgniter->run()
#14 C:\xampp\htdocs\wedding_org-master\system\Commands\Server\rewrite.php(43): require_once('C:\\xampp\\htdocs...')
#15 {main}
ERROR - 2022-06-09 20:06:27 --> Table 'wedding.gawe' doesn't exist
CRITICAL - 2022-06-09 20:06:27 --> Table 'wedding.gawe' doesn't exist
#0 C:\xampp\htdocs\wedding_org-master\system\Database\MySQLi\Connection.php(292): mysqli->query('SELECT COUNT(*)...', 0)
#1 C:\xampp\htdocs\wedding_org-master\system\Database\BaseConnection.php(670): CodeIgniter\Database\MySQLi\Connection->execute('SELECT COUNT(*)...')
#2 C:\xampp\htdocs\wedding_org-master\system\Database\BaseConnection.php(598): CodeIgniter\Database\BaseConnection->simpleQuery('SELECT COUNT(*)...')
#3 C:\xampp\htdocs\wedding_org-master\system\Database\BaseBuilder.php(1539): CodeIgniter\Database\BaseConnection->query('SELECT COUNT(*)...', Array, false)
#4 C:\xampp\htdocs\wedding_org-master\app\Helpers\custom_helper.php(9): CodeIgniter\Database\BaseBuilder->countAllResults()
#5 C:\xampp\htdocs\wedding_org-master\app\Views\home.php(25): countData('gawe')
#6 C:\xampp\htdocs\wedding_org-master\system\View\View.php(210): include('C:\\xampp\\htdocs...')
#7 C:\xampp\htdocs\wedding_org-master\system\View\View.php(213): CodeIgniter\View\View->CodeIgniter\View\{closure}()
#8 C:\xampp\htdocs\wedding_org-master\system\Common.php(1089): CodeIgniter\View\View->render('home', Array, true)
#9 C:\xampp\htdocs\wedding_org-master\app\Controllers\Home.php(9): view('home')
#10 C:\xampp\htdocs\wedding_org-master\system\CodeIgniter.php(832): App\Controllers\Home->index()
#11 C:\xampp\htdocs\wedding_org-master\system\CodeIgniter.php(419): CodeIgniter\CodeIgniter->runController(Object(App\Controllers\Home))
#12 C:\xampp\htdocs\wedding_org-master\system\CodeIgniter.php(326): CodeIgniter\CodeIgniter->handleRequest(NULL, Object(Config\Cache), false)
#13 C:\xampp\htdocs\wedding_org-master\public\index.php(37): CodeIgniter\CodeIgniter->run()
#14 C:\xampp\htdocs\wedding_org-master\system\Commands\Server\rewrite.php(43): require_once('C:\\xampp\\htdocs...')
#15 {main}
ERROR - 2022-06-09 20:07:22 --> Table 'wedding.gawe' doesn't exist
CRITICAL - 2022-06-09 20:07:22 --> Table 'wedding.gawe' doesn't exist
#0 C:\xampp\htdocs\wedding_org-master\system\Database\MySQLi\Connection.php(292): mysqli->query('SELECT COUNT(*)...', 0)
#1 C:\xampp\htdocs\wedding_org-master\system\Database\BaseConnection.php(670): CodeIgniter\Database\MySQLi\Connection->execute('SELECT COUNT(*)...')
#2 C:\xampp\htdocs\wedding_org-master\system\Database\BaseConnection.php(598): CodeIgniter\Database\BaseConnection->simpleQuery('SELECT COUNT(*)...')
#3 C:\xampp\htdocs\wedding_org-master\system\Database\BaseBuilder.php(1539): CodeIgniter\Database\BaseConnection->query('SELECT COUNT(*)...', Array, false)
#4 C:\xampp\htdocs\wedding_org-master\app\Helpers\custom_helper.php(9): CodeIgniter\Database\BaseBuilder->countAllResults()
#5 C:\xampp\htdocs\wedding_org-master\app\Views\home.php(25): countData('gawe')
#6 C:\xampp\htdocs\wedding_org-master\system\View\View.php(210): include('C:\\xampp\\htdocs...')
#7 C:\xampp\htdocs\wedding_org-master\system\View\View.php(213): CodeIgniter\View\View->CodeIgniter\View\{closure}()
#8 C:\xampp\htdocs\wedding_org-master\system\Common.php(1089): CodeIgniter\View\View->render('home', Array, true)
#9 C:\xampp\htdocs\wedding_org-master\app\Controllers\Home.php(9): view('home')
#10 C:\xampp\htdocs\wedding_org-master\system\CodeIgniter.php(832): App\Controllers\Home->index()
#11 C:\xampp\htdocs\wedding_org-master\system\CodeIgniter.php(419): CodeIgniter\CodeIgniter->runController(Object(App\Controllers\Home))
#12 C:\xampp\htdocs\wedding_org-master\system\CodeIgniter.php(326): CodeIgniter\CodeIgniter->handleRequest(NULL, Object(Config\Cache), false)
#13 C:\xampp\htdocs\wedding_org-master\public\index.php(37): CodeIgniter\CodeIgniter->run()
#14 C:\xampp\htdocs\wedding_org-master\system\Commands\Server\rewrite.php(43): require_once('C:\\xampp\\htdocs...')
#15 {main}
ERROR - 2022-06-09 21:00:51 --> Table 'wedding.gawe' doesn't exist
CRITICAL - 2022-06-09 21:00:51 --> Table 'wedding.gawe' doesn't exist
#0 C:\xampp\htdocs\wedding_org-master\system\Database\MySQLi\Connection.php(292): mysqli->query('SELECT COUNT(*)...', 0)
#1 C:\xampp\htdocs\wedding_org-master\system\Database\BaseConnection.php(670): CodeIgniter\Database\MySQLi\Connection->execute('SELECT COUNT(*)...')
#2 C:\xampp\htdocs\wedding_org-master\system\Database\BaseConnection.php(598): CodeIgniter\Database\BaseConnection->simpleQuery('SELECT COUNT(*)...')
#3 C:\xampp\htdocs\wedding_org-master\system\Database\BaseBuilder.php(1539): CodeIgniter\Database\BaseConnection->query('SELECT COUNT(*)...', Array, false)
#4 C:\xampp\htdocs\wedding_org-master\app\Helpers\custom_helper.php(9): CodeIgniter\Database\BaseBuilder->countAllResults()
#5 C:\xampp\htdocs\wedding_org-master\app\Views\home.php(25): countData('gawe')
#6 C:\xampp\htdocs\wedding_org-master\system\View\View.php(210): include('C:\\xampp\\htdocs...')
#7 C:\xampp\htdocs\wedding_org-master\system\View\View.php(213): CodeIgniter\View\View->CodeIgniter\View\{closure}()
#8 C:\xampp\htdocs\wedding_org-master\system\Common.php(1089): CodeIgniter\View\View->render('home', Array, true)
#9 C:\xampp\htdocs\wedding_org-master\app\Controllers\Home.php(9): view('home')
#10 C:\xampp\htdocs\wedding_org-master\system\CodeIgniter.php(832): App\Controllers\Home->index()
#11 C:\xampp\htdocs\wedding_org-master\system\CodeIgniter.php(419): CodeIgniter\CodeIgniter->runController(Object(App\Controllers\Home))
#12 C:\xampp\htdocs\wedding_org-master\system\CodeIgniter.php(326): CodeIgniter\CodeIgniter->handleRequest(NULL, Object(Config\Cache), false)
#13 C:\xampp\htdocs\wedding_org-master\public\index.php(37): CodeIgniter\CodeIgniter->run()
#14 C:\xampp\htdocs\wedding_org-master\system\Commands\Server\rewrite.php(43): require_once('C:\\xampp\\htdocs...')
#15 {main}
ERROR - 2022-06-09 21:16:06 --> Table 'wedding.gawe' doesn't exist
CRITICAL - 2022-06-09 21:16:06 --> Table 'wedding.gawe' doesn't exist
#0 C:\xampp\htdocs\wedding_org-master\system\Database\MySQLi\Connection.php(292): mysqli->query('SELECT COUNT(*)...', 0)
#1 C:\xampp\htdocs\wedding_org-master\system\Database\BaseConnection.php(670): CodeIgniter\Database\MySQLi\Connection->execute('SELECT COUNT(*)...')
#2 C:\xampp\htdocs\wedding_org-master\system\Database\BaseConnection.php(598): CodeIgniter\Database\BaseConnection->simpleQuery('SELECT COUNT(*)...')
#3 C:\xampp\htdocs\wedding_org-master\system\Database\BaseBuilder.php(1539): CodeIgniter\Database\BaseConnection->query('SELECT COUNT(*)...', Array, false)
#4 C:\xampp\htdocs\wedding_org-master\app\Helpers\custom_helper.php(9): CodeIgniter\Database\BaseBuilder->countAllResults()
#5 C:\xampp\htdocs\wedding_org-master\app\Views\home.php(25): countData('gawe')
#6 C:\xampp\htdocs\wedding_org-master\system\View\View.php(210): include('C:\\xampp\\htdocs...')
#7 C:\xampp\htdocs\wedding_org-master\system\View\View.php(213): CodeIgniter\View\View->CodeIgniter\View\{closure}()
#8 C:\xampp\htdocs\wedding_org-master\system\Common.php(1089): CodeIgniter\View\View->render('home', Array, true)
#9 C:\xampp\htdocs\wedding_org-master\app\Controllers\Home.php(9): view('home')
#10 C:\xampp\htdocs\wedding_org-master\system\CodeIgniter.php(832): App\Controllers\Home->index()
#11 C:\xampp\htdocs\wedding_org-master\system\CodeIgniter.php(419): CodeIgniter\CodeIgniter->runController(Object(App\Controllers\Home))
#12 C:\xampp\htdocs\wedding_org-master\system\CodeIgniter.php(326): CodeIgniter\CodeIgniter->handleRequest(NULL, Object(Config\Cache), false)
#13 C:\xampp\htdocs\wedding_org-master\public\index.php(37): CodeIgniter\CodeIgniter->run()
#14 C:\xampp\htdocs\wedding_org-master\system\Commands\Server\rewrite.php(43): require_once('C:\\xampp\\htdocs...')
#15 {main}
