ERROR - 2022-04-12 06:38:07 --> Can't create database 'yuknikah'; database exists
CRITICAL - 2022-04-12 06:38:07 --> Unable to create the specified database.
#0 C:\xampp\htdocs\wedding_org\app\Config\Routes.php(36): CodeIgniter\Database\Forge->createDatabase('yuknikah')
#1 C:\xampp\htdocs\wedding_org\system\CodeIgniter.php(788): CodeIgniter\CodeIgniter->Config\{closure}()
#2 C:\xampp\htdocs\wedding_org\system\CodeIgniter.php(406): CodeIgniter\CodeIgniter->startController()
#3 C:\xampp\htdocs\wedding_org\system\CodeIgniter.php(326): CodeIgniter\CodeIgniter->handleRequest(NULL, Object(Config\Cache), false)
#4 C:\xampp\htdocs\wedding_org\public\index.php(37): CodeIgniter\CodeIgniter->run()
#5 C:\xampp\htdocs\wedding_org\system\Commands\Server\rewrite.php(43): require_once('C:\\xampp\\htdocs...')
#6 {main}
ERROR - 2022-04-12 06:42:00 --> Can't create database 'yuknikah'; database exists
CRITICAL - 2022-04-12 06:42:00 --> Unable to create the specified database.
#0 C:\xampp\htdocs\wedding_org\app\Config\Routes.php(36): CodeIgniter\Database\Forge->createDatabase('yuknikah')
#1 C:\xampp\htdocs\wedding_org\system\CodeIgniter.php(788): CodeIgniter\CodeIgniter->Config\{closure}()
#2 C:\xampp\htdocs\wedding_org\system\CodeIgniter.php(406): CodeIgniter\CodeIgniter->startController()
#3 C:\xampp\htdocs\wedding_org\system\CodeIgniter.php(326): CodeIgniter\CodeIgniter->handleRequest(NULL, Object(Config\Cache), false)
#4 C:\xampp\htdocs\wedding_org\public\index.php(37): CodeIgniter\CodeIgniter->run()
#5 C:\xampp\htdocs\wedding_org\system\Commands\Server\rewrite.php(43): require_once('C:\\xampp\\htdocs...')
#6 {main}
ERROR - 2022-04-12 07:18:52 --> Error connecting to the database: No connection could be made because the target machine actively refused it
CRITICAL - 2022-04-12 07:18:52 --> Unable to connect to the database.
Main connection [MySQLi]: No connection could be made because the target machine actively refused it
#0 C:\xampp\htdocs\wedding_org\system\Database\Database.php(67): CodeIgniter\Database\BaseConnection->initialize()
#1 C:\xampp\htdocs\wedding_org\system\Database\Config.php(105): CodeIgniter\Database\Database->loadForge(Object(CodeIgniter\Database\MySQLi\Connection))
#2 C:\xampp\htdocs\wedding_org\app\Config\Routes.php(35): CodeIgniter\Database\Config::forge()
#3 C:\xampp\htdocs\wedding_org\system\CodeIgniter.php(788): CodeIgniter\CodeIgniter->Config\{closure}()
#4 C:\xampp\htdocs\wedding_org\system\CodeIgniter.php(406): CodeIgniter\CodeIgniter->startController()
#5 C:\xampp\htdocs\wedding_org\system\CodeIgniter.php(326): CodeIgniter\CodeIgniter->handleRequest(NULL, Object(Config\Cache), false)
#6 C:\xampp\htdocs\wedding_org\public\index.php(37): CodeIgniter\CodeIgniter->run()
#7 C:\xampp\htdocs\wedding_org\system\Commands\Server\rewrite.php(43): require_once('C:\\xampp\\htdocs...')
#8 {main}
ERROR - 2022-04-12 07:20:08 --> Error connecting to the database: No connection could be made because the target machine actively refused it
CRITICAL - 2022-04-12 07:20:08 --> Unable to connect to the database.
Main connection [MySQLi]: No connection could be made because the target machine actively refused it
#0 C:\xampp\htdocs\wedding_org\system\Database\Database.php(67): CodeIgniter\Database\BaseConnection->initialize()
#1 C:\xampp\htdocs\wedding_org\system\Database\Config.php(105): CodeIgniter\Database\Database->loadForge(Object(CodeIgniter\Database\MySQLi\Connection))
#2 C:\xampp\htdocs\wedding_org\app\Config\Routes.php(35): CodeIgniter\Database\Config::forge()
#3 C:\xampp\htdocs\wedding_org\system\CodeIgniter.php(788): CodeIgniter\CodeIgniter->Config\{closure}()
#4 C:\xampp\htdocs\wedding_org\system\CodeIgniter.php(406): CodeIgniter\CodeIgniter->startController()
#5 C:\xampp\htdocs\wedding_org\system\CodeIgniter.php(326): CodeIgniter\CodeIgniter->handleRequest(NULL, Object(Config\Cache), false)
#6 C:\xampp\htdocs\wedding_org\public\index.php(37): CodeIgniter\CodeIgniter->run()
#7 C:\xampp\htdocs\wedding_org\system\Commands\Server\rewrite.php(43): require_once('C:\\xampp\\htdocs...')
#8 {main}
ERROR - 2022-04-12 07:23:23 --> Error connecting to the database: No connection could be made because the target machine actively refused it
CRITICAL - 2022-04-12 07:23:23 --> Unable to connect to the database.
Main connection [MySQLi]: No connection could be made because the target machine actively refused it
#0 C:\xampp\htdocs\wedding_org\system\Database\Database.php(67): CodeIgniter\Database\BaseConnection->initialize()
#1 C:\xampp\htdocs\wedding_org\system\Database\Config.php(105): CodeIgniter\Database\Database->loadForge(Object(CodeIgniter\Database\MySQLi\Connection))
#2 C:\xampp\htdocs\wedding_org\app\Config\Routes.php(35): CodeIgniter\Database\Config::forge()
#3 C:\xampp\htdocs\wedding_org\system\CodeIgniter.php(788): CodeIgniter\CodeIgniter->Config\{closure}()
#4 C:\xampp\htdocs\wedding_org\system\CodeIgniter.php(406): CodeIgniter\CodeIgniter->startController()
#5 C:\xampp\htdocs\wedding_org\system\CodeIgniter.php(326): CodeIgniter\CodeIgniter->handleRequest(NULL, Object(Config\Cache), false)
#6 C:\xampp\htdocs\wedding_org\public\index.php(37): CodeIgniter\CodeIgniter->run()
#7 C:\xampp\htdocs\wedding_org\system\Commands\Server\rewrite.php(43): require_once('C:\\xampp\\htdocs...')
#8 {main}
ERROR - 2022-04-12 07:23:42 --> Error connecting to the database: No connection could be made because the target machine actively refused it
CRITICAL - 2022-04-12 07:23:42 --> Unable to connect to the database.
Main connection [MySQLi]: No connection could be made because the target machine actively refused it
#0 C:\xampp\htdocs\wedding_org\system\Database\Database.php(67): CodeIgniter\Database\BaseConnection->initialize()
#1 C:\xampp\htdocs\wedding_org\system\Database\Config.php(105): CodeIgniter\Database\Database->loadForge(Object(CodeIgniter\Database\MySQLi\Connection))
#2 C:\xampp\htdocs\wedding_org\app\Config\Routes.php(35): CodeIgniter\Database\Config::forge()
#3 C:\xampp\htdocs\wedding_org\system\CodeIgniter.php(788): CodeIgniter\CodeIgniter->Config\{closure}()
#4 C:\xampp\htdocs\wedding_org\system\CodeIgniter.php(406): CodeIgniter\CodeIgniter->startController()
#5 C:\xampp\htdocs\wedding_org\system\CodeIgniter.php(326): CodeIgniter\CodeIgniter->handleRequest(NULL, Object(Config\Cache), false)
#6 C:\xampp\htdocs\wedding_org\public\index.php(37): CodeIgniter\CodeIgniter->run()
#7 C:\xampp\htdocs\wedding_org\system\Commands\Server\rewrite.php(43): require_once('C:\\xampp\\htdocs...')
#8 {main}
ERROR - 2022-04-12 07:24:12 --> Error connecting to the database: No connection could be made because the target machine actively refused it
CRITICAL - 2022-04-12 07:24:12 --> Unable to connect to the database.
Main connection [MySQLi]: No connection could be made because the target machine actively refused it
#0 C:\xampp\htdocs\wedding_org\system\Database\Database.php(67): CodeIgniter\Database\BaseConnection->initialize()
#1 C:\xampp\htdocs\wedding_org\system\Database\Config.php(105): CodeIgniter\Database\Database->loadForge(Object(CodeIgniter\Database\MySQLi\Connection))
#2 C:\xampp\htdocs\wedding_org\app\Config\Routes.php(35): CodeIgniter\Database\Config::forge()
#3 C:\xampp\htdocs\wedding_org\system\CodeIgniter.php(788): CodeIgniter\CodeIgniter->Config\{closure}()
#4 C:\xampp\htdocs\wedding_org\system\CodeIgniter.php(406): CodeIgniter\CodeIgniter->startController()
#5 C:\xampp\htdocs\wedding_org\system\CodeIgniter.php(326): CodeIgniter\CodeIgniter->handleRequest(NULL, Object(Config\Cache), false)
#6 C:\xampp\htdocs\wedding_org\public\index.php(37): CodeIgniter\CodeIgniter->run()
#7 C:\xampp\htdocs\wedding_org\system\Commands\Server\rewrite.php(43): require_once('C:\\xampp\\htdocs...')
#8 {main}
ERROR - 2022-04-12 07:25:15 --> Error connecting to the database: No connection could be made because the target machine actively refused it
CRITICAL - 2022-04-12 07:25:15 --> Unable to connect to the database.
Main connection [MySQLi]: No connection could be made because the target machine actively refused it
#0 C:\xampp\htdocs\wedding_org\system\Database\Database.php(67): CodeIgniter\Database\BaseConnection->initialize()
#1 C:\xampp\htdocs\wedding_org\system\Database\Config.php(105): CodeIgniter\Database\Database->loadForge(Object(CodeIgniter\Database\MySQLi\Connection))
#2 C:\xampp\htdocs\wedding_org\app\Config\Routes.php(35): CodeIgniter\Database\Config::forge()
#3 C:\xampp\htdocs\wedding_org\system\CodeIgniter.php(788): CodeIgniter\CodeIgniter->Config\{closure}()
#4 C:\xampp\htdocs\wedding_org\system\CodeIgniter.php(406): CodeIgniter\CodeIgniter->startController()
#5 C:\xampp\htdocs\wedding_org\system\CodeIgniter.php(326): CodeIgniter\CodeIgniter->handleRequest(NULL, Object(Config\Cache), false)
#6 C:\xampp\htdocs\wedding_org\public\index.php(37): CodeIgniter\CodeIgniter->run()
#7 C:\xampp\htdocs\wedding_org\system\Commands\Server\rewrite.php(43): require_once('C:\\xampp\\htdocs...')
#8 {main}
ERROR - 2022-04-12 07:26:22 --> Error connecting to the database: No connection could be made because the target machine actively refused it
CRITICAL - 2022-04-12 07:26:22 --> Unable to connect to the database.
Main connection [MySQLi]: No connection could be made because the target machine actively refused it
#0 C:\xampp\htdocs\wedding_org\system\Database\Database.php(67): CodeIgniter\Database\BaseConnection->initialize()
#1 C:\xampp\htdocs\wedding_org\system\Database\Config.php(105): CodeIgniter\Database\Database->loadForge(Object(CodeIgniter\Database\MySQLi\Connection))
#2 C:\xampp\htdocs\wedding_org\app\Config\Routes.php(35): CodeIgniter\Database\Config::forge()
#3 C:\xampp\htdocs\wedding_org\system\CodeIgniter.php(788): CodeIgniter\CodeIgniter->Config\{closure}()
#4 C:\xampp\htdocs\wedding_org\system\CodeIgniter.php(406): CodeIgniter\CodeIgniter->startController()
#5 C:\xampp\htdocs\wedding_org\system\CodeIgniter.php(326): CodeIgniter\CodeIgniter->handleRequest(NULL, Object(Config\Cache), false)
#6 C:\xampp\htdocs\wedding_org\public\index.php(37): CodeIgniter\CodeIgniter->run()
#7 C:\xampp\htdocs\wedding_org\system\Commands\Server\rewrite.php(43): require_once('C:\\xampp\\htdocs...')
#8 {main}
ERROR - 2022-04-12 07:29:45 --> Error connecting to the database: No connection could be made because the target machine actively refused it
CRITICAL - 2022-04-12 07:29:45 --> Unable to connect to the database.
Main connection [MySQLi]: No connection could be made because the target machine actively refused it
#0 C:\xampp\htdocs\wedding_org\system\Database\Database.php(67): CodeIgniter\Database\BaseConnection->initialize()
#1 C:\xampp\htdocs\wedding_org\system\Database\Config.php(105): CodeIgniter\Database\Database->loadForge(Object(CodeIgniter\Database\MySQLi\Connection))
#2 C:\xampp\htdocs\wedding_org\app\Config\Routes.php(35): CodeIgniter\Database\Config::forge()
#3 C:\xampp\htdocs\wedding_org\system\CodeIgniter.php(788): CodeIgniter\CodeIgniter->Config\{closure}()
#4 C:\xampp\htdocs\wedding_org\system\CodeIgniter.php(406): CodeIgniter\CodeIgniter->startController()
#5 C:\xampp\htdocs\wedding_org\system\CodeIgniter.php(326): CodeIgniter\CodeIgniter->handleRequest(NULL, Object(Config\Cache), false)
#6 C:\xampp\htdocs\wedding_org\public\index.php(37): CodeIgniter\CodeIgniter->run()
#7 C:\xampp\htdocs\wedding_org\system\Commands\Server\rewrite.php(43): require_once('C:\\xampp\\htdocs...')
#8 {main}
ERROR - 2022-04-12 07:30:52 --> Error connecting to the database: No connection could be made because the target machine actively refused it
CRITICAL - 2022-04-12 07:30:52 --> Unable to connect to the database.
Main connection [MySQLi]: No connection could be made because the target machine actively refused it
#0 C:\xampp\htdocs\wedding_org\system\Database\Database.php(67): CodeIgniter\Database\BaseConnection->initialize()
#1 C:\xampp\htdocs\wedding_org\system\Database\Config.php(105): CodeIgniter\Database\Database->loadForge(Object(CodeIgniter\Database\MySQLi\Connection))
#2 C:\xampp\htdocs\wedding_org\app\Config\Routes.php(35): CodeIgniter\Database\Config::forge()
#3 C:\xampp\htdocs\wedding_org\system\CodeIgniter.php(788): CodeIgniter\CodeIgniter->Config\{closure}()
#4 C:\xampp\htdocs\wedding_org\system\CodeIgniter.php(406): CodeIgniter\CodeIgniter->startController()
#5 C:\xampp\htdocs\wedding_org\system\CodeIgniter.php(326): CodeIgniter\CodeIgniter->handleRequest(NULL, Object(Config\Cache), false)
#6 C:\xampp\htdocs\wedding_org\public\index.php(37): CodeIgniter\CodeIgniter->run()
#7 C:\xampp\htdocs\wedding_org\system\Commands\Server\rewrite.php(43): require_once('C:\\xampp\\htdocs...')
#8 {main}
ERROR - 2022-04-12 07:43:36 --> Can't create database 'yuknikah'; database exists
CRITICAL - 2022-04-12 07:43:36 --> Unable to create the specified database.
#0 C:\xampp\htdocs\wedding_org\app\Config\Routes.php(36): CodeIgniter\Database\Forge->createDatabase('yuknikah')
#1 C:\xampp\htdocs\wedding_org\system\CodeIgniter.php(788): CodeIgniter\CodeIgniter->Config\{closure}()
#2 C:\xampp\htdocs\wedding_org\system\CodeIgniter.php(406): CodeIgniter\CodeIgniter->startController()
#3 C:\xampp\htdocs\wedding_org\system\CodeIgniter.php(326): CodeIgniter\CodeIgniter->handleRequest(NULL, Object(Config\Cache), false)
#4 C:\xampp\htdocs\wedding_org\public\index.php(37): CodeIgniter\CodeIgniter->run()
#5 C:\xampp\htdocs\wedding_org\system\Commands\Server\rewrite.php(43): require_once('C:\\xampp\\htdocs...')
#6 {main}
ERROR - 2022-04-12 07:44:04 --> Error connecting to the database: Access denied for user '****'@'localhost' (using password: YES)
CRITICAL - 2022-04-12 07:44:04 --> Unable to connect to the database.
Main connection [MySQLi]: Access denied for user '****'@'localhost' (using password: YES)
#0 C:\xampp\htdocs\wedding_org\system\Database\Database.php(67): CodeIgniter\Database\BaseConnection->initialize()
#1 C:\xampp\htdocs\wedding_org\system\Database\Config.php(105): CodeIgniter\Database\Database->loadForge(Object(CodeIgniter\Database\MySQLi\Connection))
#2 C:\xampp\htdocs\wedding_org\app\Config\Routes.php(35): CodeIgniter\Database\Config::forge()
#3 C:\xampp\htdocs\wedding_org\system\CodeIgniter.php(788): CodeIgniter\CodeIgniter->Config\{closure}()
#4 C:\xampp\htdocs\wedding_org\system\CodeIgniter.php(406): CodeIgniter\CodeIgniter->startController()
#5 C:\xampp\htdocs\wedding_org\system\CodeIgniter.php(326): CodeIgniter\CodeIgniter->handleRequest(NULL, Object(Config\Cache), false)
#6 C:\xampp\htdocs\wedding_org\public\index.php(37): CodeIgniter\CodeIgniter->run()
#7 C:\xampp\htdocs\wedding_org\system\Commands\Server\rewrite.php(43): require_once('C:\\xampp\\htdocs...')
#8 {main}
ERROR - 2022-04-12 07:44:05 --> Error connecting to the database: Access denied for user '****'@'localhost' (using password: YES)
CRITICAL - 2022-04-12 07:44:05 --> Unable to connect to the database.
Main connection [MySQLi]: Access denied for user '****'@'localhost' (using password: YES)
#0 C:\xampp\htdocs\wedding_org\system\Database\Database.php(67): CodeIgniter\Database\BaseConnection->initialize()
#1 C:\xampp\htdocs\wedding_org\system\Database\Config.php(105): CodeIgniter\Database\Database->loadForge(Object(CodeIgniter\Database\MySQLi\Connection))
#2 C:\xampp\htdocs\wedding_org\app\Config\Routes.php(35): CodeIgniter\Database\Config::forge()
#3 C:\xampp\htdocs\wedding_org\system\CodeIgniter.php(788): CodeIgniter\CodeIgniter->Config\{closure}()
#4 C:\xampp\htdocs\wedding_org\system\CodeIgniter.php(406): CodeIgniter\CodeIgniter->startController()
#5 C:\xampp\htdocs\wedding_org\system\CodeIgniter.php(326): CodeIgniter\CodeIgniter->handleRequest(NULL, Object(Config\Cache), false)
#6 C:\xampp\htdocs\wedding_org\public\index.php(37): CodeIgniter\CodeIgniter->run()
#7 C:\xampp\htdocs\wedding_org\system\Commands\Server\rewrite.php(43): require_once('C:\\xampp\\htdocs...')
#8 {main}
ERROR - 2022-04-12 07:44:16 --> Can't create database 'yuknikah'; database exists
CRITICAL - 2022-04-12 07:44:16 --> Unable to create the specified database.
#0 C:\xampp\htdocs\wedding_org\app\Config\Routes.php(36): CodeIgniter\Database\Forge->createDatabase('yuknikah')
#1 C:\xampp\htdocs\wedding_org\system\CodeIgniter.php(788): CodeIgniter\CodeIgniter->Config\{closure}()
#2 C:\xampp\htdocs\wedding_org\system\CodeIgniter.php(406): CodeIgniter\CodeIgniter->startController()
#3 C:\xampp\htdocs\wedding_org\system\CodeIgniter.php(326): CodeIgniter\CodeIgniter->handleRequest(NULL, Object(Config\Cache), false)
#4 C:\xampp\htdocs\wedding_org\public\index.php(37): CodeIgniter\CodeIgniter->run()
#5 C:\xampp\htdocs\wedding_org\system\Commands\Server\rewrite.php(43): require_once('C:\\xampp\\htdocs...')
#6 {main}
ERROR - 2022-04-12 07:58:31 --> Can't create database 'yuknikah'; database exists
CRITICAL - 2022-04-12 07:58:31 --> Unable to create the specified database.
#0 C:\xampp\htdocs\wedding_org\app\Config\Routes.php(36): CodeIgniter\Database\Forge->createDatabase('yuknikah')
#1 C:\xampp\htdocs\wedding_org\system\CodeIgniter.php(788): CodeIgniter\CodeIgniter->Config\{closure}()
#2 C:\xampp\htdocs\wedding_org\system\CodeIgniter.php(406): CodeIgniter\CodeIgniter->startController()
#3 C:\xampp\htdocs\wedding_org\system\CodeIgniter.php(326): CodeIgniter\CodeIgniter->handleRequest(NULL, Object(Config\Cache), false)
#4 C:\xampp\htdocs\wedding_org\public\index.php(37): CodeIgniter\CodeIgniter->run()
#5 C:\xampp\htdocs\wedding_org\system\Commands\Server\rewrite.php(43): require_once('C:\\xampp\\htdocs...')
#6 {main}
ERROR - 2022-04-12 08:01:58 --> Can't create database 'yuknikah'; database exists
CRITICAL - 2022-04-12 08:01:58 --> Unable to create the specified database.
#0 C:\xampp\htdocs\wedding_org\app\Config\Routes.php(36): CodeIgniter\Database\Forge->createDatabase('yuknikah')
#1 C:\xampp\htdocs\wedding_org\system\CodeIgniter.php(788): CodeIgniter\CodeIgniter->Config\{closure}()
#2 C:\xampp\htdocs\wedding_org\system\CodeIgniter.php(406): CodeIgniter\CodeIgniter->startController()
#3 C:\xampp\htdocs\wedding_org\system\CodeIgniter.php(326): CodeIgniter\CodeIgniter->handleRequest(NULL, Object(Config\Cache), false)
#4 C:\xampp\htdocs\wedding_org\public\index.php(37): CodeIgniter\CodeIgniter->run()
#5 C:\xampp\htdocs\wedding_org\system\Commands\Server\rewrite.php(43): require_once('C:\\xampp\\htdocs...')
#6 {main}
ERROR - 2022-04-12 08:01:59 --> Can't create database 'yuknikah'; database exists
CRITICAL - 2022-04-12 08:01:59 --> Unable to create the specified database.
#0 C:\xampp\htdocs\wedding_org\app\Config\Routes.php(36): CodeIgniter\Database\Forge->createDatabase('yuknikah')
#1 C:\xampp\htdocs\wedding_org\system\CodeIgniter.php(788): CodeIgniter\CodeIgniter->Config\{closure}()
#2 C:\xampp\htdocs\wedding_org\system\CodeIgniter.php(406): CodeIgniter\CodeIgniter->startController()
#3 C:\xampp\htdocs\wedding_org\system\CodeIgniter.php(326): CodeIgniter\CodeIgniter->handleRequest(NULL, Object(Config\Cache), false)
#4 C:\xampp\htdocs\wedding_org\public\index.php(37): CodeIgniter\CodeIgniter->run()
#5 C:\xampp\htdocs\wedding_org\system\Commands\Server\rewrite.php(43): require_once('C:\\xampp\\htdocs...')
#6 {main}
ERROR - 2022-04-12 08:02:00 --> Can't create database 'yuknikah'; database exists
CRITICAL - 2022-04-12 08:02:00 --> Unable to create the specified database.
#0 C:\xampp\htdocs\wedding_org\app\Config\Routes.php(36): CodeIgniter\Database\Forge->createDatabase('yuknikah')
#1 C:\xampp\htdocs\wedding_org\system\CodeIgniter.php(788): CodeIgniter\CodeIgniter->Config\{closure}()
#2 C:\xampp\htdocs\wedding_org\system\CodeIgniter.php(406): CodeIgniter\CodeIgniter->startController()
#3 C:\xampp\htdocs\wedding_org\system\CodeIgniter.php(326): CodeIgniter\CodeIgniter->handleRequest(NULL, Object(Config\Cache), false)
#4 C:\xampp\htdocs\wedding_org\public\index.php(37): CodeIgniter\CodeIgniter->run()
#5 C:\xampp\htdocs\wedding_org\system\Commands\Server\rewrite.php(43): require_once('C:\\xampp\\htdocs...')
#6 {main}
ERROR - 2022-04-12 08:02:07 --> Error connecting to the database: Uninitialized string offset 0
CRITICAL - 2022-04-12 08:02:07 --> Unable to connect to the database.
Main connection [MySQLi]: Uninitialized string offset 0
#0 C:\xampp\htdocs\wedding_org\system\Database\Database.php(67): CodeIgniter\Database\BaseConnection->initialize()
#1 C:\xampp\htdocs\wedding_org\system\Database\Config.php(105): CodeIgniter\Database\Database->loadForge(Object(CodeIgniter\Database\MySQLi\Connection))
#2 C:\xampp\htdocs\wedding_org\app\Config\Routes.php(35): CodeIgniter\Database\Config::forge()
#3 C:\xampp\htdocs\wedding_org\system\CodeIgniter.php(788): CodeIgniter\CodeIgniter->Config\{closure}()
#4 C:\xampp\htdocs\wedding_org\system\CodeIgniter.php(406): CodeIgniter\CodeIgniter->startController()
#5 C:\xampp\htdocs\wedding_org\system\CodeIgniter.php(326): CodeIgniter\CodeIgniter->handleRequest(NULL, Object(Config\Cache), false)
#6 C:\xampp\htdocs\wedding_org\public\index.php(37): CodeIgniter\CodeIgniter->run()
#7 C:\xampp\htdocs\wedding_org\system\Commands\Server\rewrite.php(43): require_once('C:\\xampp\\htdocs...')
#8 {main}
ERROR - 2022-04-12 08:02:23 --> Error connecting to the database: php_network_getaddresses: getaddrinfo failed: No such host is known. 
CRITICAL - 2022-04-12 08:02:23 --> Unable to connect to the database.
Main connection [MySQLi]: php_network_getaddresses: getaddrinfo failed: No such host is known. 
#0 C:\xampp\htdocs\wedding_org\system\Database\Database.php(67): CodeIgniter\Database\BaseConnection->initialize()
#1 C:\xampp\htdocs\wedding_org\system\Database\Config.php(105): CodeIgniter\Database\Database->loadForge(Object(CodeIgniter\Database\MySQLi\Connection))
#2 C:\xampp\htdocs\wedding_org\app\Config\Routes.php(35): CodeIgniter\Database\Config::forge()
#3 C:\xampp\htdocs\wedding_org\system\CodeIgniter.php(788): CodeIgniter\CodeIgniter->Config\{closure}()
#4 C:\xampp\htdocs\wedding_org\system\CodeIgniter.php(406): CodeIgniter\CodeIgniter->startController()
#5 C:\xampp\htdocs\wedding_org\system\CodeIgniter.php(326): CodeIgniter\CodeIgniter->handleRequest(NULL, Object(Config\Cache), false)
#6 C:\xampp\htdocs\wedding_org\public\index.php(37): CodeIgniter\CodeIgniter->run()
#7 C:\xampp\htdocs\wedding_org\system\Commands\Server\rewrite.php(43): require_once('C:\\xampp\\htdocs...')
#8 {main}
ERROR - 2022-04-12 08:08:03 --> Error connecting to the database: No connection could be made because the target machine actively refused it
CRITICAL - 2022-04-12 08:08:03 --> Unable to connect to the database.
Main connection [MySQLi]: No connection could be made because the target machine actively refused it
#0 C:\xampp\htdocs\wedding_org\system\Database\Database.php(67): CodeIgniter\Database\BaseConnection->initialize()
#1 C:\xampp\htdocs\wedding_org\system\Database\Config.php(105): CodeIgniter\Database\Database->loadForge(Object(CodeIgniter\Database\MySQLi\Connection))
#2 C:\xampp\htdocs\wedding_org\app\Config\Routes.php(35): CodeIgniter\Database\Config::forge()
#3 C:\xampp\htdocs\wedding_org\system\CodeIgniter.php(788): CodeIgniter\CodeIgniter->Config\{closure}()
#4 C:\xampp\htdocs\wedding_org\system\CodeIgniter.php(406): CodeIgniter\CodeIgniter->startController()
#5 C:\xampp\htdocs\wedding_org\system\CodeIgniter.php(326): CodeIgniter\CodeIgniter->handleRequest(NULL, Object(Config\Cache), false)
#6 C:\xampp\htdocs\wedding_org\public\index.php(37): CodeIgniter\CodeIgniter->run()
#7 C:\xampp\htdocs\wedding_org\system\Commands\Server\rewrite.php(43): require_once('C:\\xampp\\htdocs...')
#8 {main}
ERROR - 2022-04-12 08:08:07 --> Error connecting to the database: No connection could be made because the target machine actively refused it
CRITICAL - 2022-04-12 08:08:07 --> Unable to connect to the database.
Main connection [MySQLi]: No connection could be made because the target machine actively refused it
#0 C:\xampp\htdocs\wedding_org\system\Database\Database.php(67): CodeIgniter\Database\BaseConnection->initialize()
#1 C:\xampp\htdocs\wedding_org\system\Database\Config.php(105): CodeIgniter\Database\Database->loadForge(Object(CodeIgniter\Database\MySQLi\Connection))
#2 C:\xampp\htdocs\wedding_org\app\Config\Routes.php(35): CodeIgniter\Database\Config::forge()
#3 C:\xampp\htdocs\wedding_org\system\CodeIgniter.php(788): CodeIgniter\CodeIgniter->Config\{closure}()
#4 C:\xampp\htdocs\wedding_org\system\CodeIgniter.php(406): CodeIgniter\CodeIgniter->startController()
#5 C:\xampp\htdocs\wedding_org\system\CodeIgniter.php(326): CodeIgniter\CodeIgniter->handleRequest(NULL, Object(Config\Cache), false)
#6 C:\xampp\htdocs\wedding_org\public\index.php(37): CodeIgniter\CodeIgniter->run()
#7 C:\xampp\htdocs\wedding_org\system\Commands\Server\rewrite.php(43): require_once('C:\\xampp\\htdocs...')
#8 {main}
ERROR - 2022-04-12 08:08:49 --> Error connecting to the database: No connection could be made because the target machine actively refused it
CRITICAL - 2022-04-12 08:08:49 --> Unable to connect to the database.
Main connection [MySQLi]: No connection could be made because the target machine actively refused it
#0 C:\xampp\htdocs\wedding_org\system\Database\Database.php(67): CodeIgniter\Database\BaseConnection->initialize()
#1 C:\xampp\htdocs\wedding_org\system\Database\Config.php(105): CodeIgniter\Database\Database->loadForge(Object(CodeIgniter\Database\MySQLi\Connection))
#2 C:\xampp\htdocs\wedding_org\app\Config\Routes.php(35): CodeIgniter\Database\Config::forge()
#3 C:\xampp\htdocs\wedding_org\system\CodeIgniter.php(788): CodeIgniter\CodeIgniter->Config\{closure}()
#4 C:\xampp\htdocs\wedding_org\system\CodeIgniter.php(406): CodeIgniter\CodeIgniter->startController()
#5 C:\xampp\htdocs\wedding_org\system\CodeIgniter.php(326): CodeIgniter\CodeIgniter->handleRequest(NULL, Object(Config\Cache), false)
#6 C:\xampp\htdocs\wedding_org\public\index.php(37): CodeIgniter\CodeIgniter->run()
#7 C:\xampp\htdocs\wedding_org\system\Commands\Server\rewrite.php(43): require_once('C:\\xampp\\htdocs...')
#8 {main}
ERROR - 2022-04-12 08:09:16 --> Error connecting to the database: No connection could be made because the target machine actively refused it
CRITICAL - 2022-04-12 08:09:16 --> Unable to connect to the database.
Main connection [MySQLi]: No connection could be made because the target machine actively refused it
#0 C:\xampp\htdocs\wedding_org\system\Database\Database.php(67): CodeIgniter\Database\BaseConnection->initialize()
#1 C:\xampp\htdocs\wedding_org\system\Database\Config.php(105): CodeIgniter\Database\Database->loadForge(Object(CodeIgniter\Database\MySQLi\Connection))
#2 C:\xampp\htdocs\wedding_org\app\Config\Routes.php(35): CodeIgniter\Database\Config::forge()
#3 C:\xampp\htdocs\wedding_org\system\CodeIgniter.php(788): CodeIgniter\CodeIgniter->Config\{closure}()
#4 C:\xampp\htdocs\wedding_org\system\CodeIgniter.php(406): CodeIgniter\CodeIgniter->startController()
#5 C:\xampp\htdocs\wedding_org\system\CodeIgniter.php(326): CodeIgniter\CodeIgniter->handleRequest(NULL, Object(Config\Cache), false)
#6 C:\xampp\htdocs\wedding_org\public\index.php(37): CodeIgniter\CodeIgniter->run()
#7 C:\xampp\htdocs\wedding_org\system\Commands\Server\rewrite.php(43): require_once('C:\\xampp\\htdocs...')
#8 {main}
