ERROR - 2022-06-16 19:18:32 --> Error connecting to the database: No connection could be made because the target machine actively refused it.

CRITICAL - 2022-06-16 19:18:32 --> Unable to connect to the database.
Main connection [MySQLi]: No connection could be made because the target machine actively refused it.

#0 C:\xampp\htdocs\wedding_org-master\system\Database\BaseConnection.php(577): CodeIgniter\Database\BaseConnection->initialize()
#1 C:\xampp\htdocs\wedding_org-master\system\Database\BaseBuilder.php(1539): CodeIgniter\Database\BaseConnection->query('SELECT COUNT(*)...', Array, false)
#2 C:\xampp\htdocs\wedding_org-master\app\Helpers\custom_helper.php(9): CodeIgniter\Database\BaseBuilder->countAllResults()
#3 C:\xampp\htdocs\wedding_org-master\app\Views\home.php(25): countData('gawe')
#4 C:\xampp\htdocs\wedding_org-master\system\View\View.php(210): include('C:\\xampp\\htdocs...')
#5 C:\xampp\htdocs\wedding_org-master\system\View\View.php(213): CodeIgniter\View\View->CodeIgniter\View\{closure}()
#6 C:\xampp\htdocs\wedding_org-master\system\Common.php(1089): CodeIgniter\View\View->render('home', Array, true)
#7 C:\xampp\htdocs\wedding_org-master\app\Controllers\Home.php(9): view('home')
#8 C:\xampp\htdocs\wedding_org-master\system\CodeIgniter.php(832): App\Controllers\Home->index()
#9 C:\xampp\htdocs\wedding_org-master\system\CodeIgniter.php(419): CodeIgniter\CodeIgniter->runController(Object(App\Controllers\Home))
#10 C:\xampp\htdocs\wedding_org-master\system\CodeIgniter.php(326): CodeIgniter\CodeIgniter->handleRequest(NULL, Object(Config\Cache), false)
#11 C:\xampp\htdocs\wedding_org-master\public\index.php(37): CodeIgniter\CodeIgniter->run()
#12 C:\xampp\htdocs\wedding_org-master\system\Commands\Server\rewrite.php(43): require_once('C:\\xampp\\htdocs...')
#13 {main}
ERROR - 2022-06-16 21:36:51 --> Error connecting to the database: No connection could be made because the target machine actively refused it.

CRITICAL - 2022-06-16 21:36:51 --> Unable to connect to the database.
Main connection [MySQLi]: No connection could be made because the target machine actively refused it.

#0 C:\xampp\htdocs\wedding_org-master\system\Database\BaseConnection.php(577): CodeIgniter\Database\BaseConnection->initialize()
#1 C:\xampp\htdocs\wedding_org-master\system\Database\BaseBuilder.php(1455): CodeIgniter\Database\BaseConnection->query('SELECT *\nFROM `...', Array, false)
#2 C:\xampp\htdocs\wedding_org-master\app\Helpers\custom_helper.php(4): CodeIgniter\Database\BaseBuilder->get()
#3 C:\xampp\htdocs\wedding_org-master\app\Views\layout\default.php(220): userLogin()
#4 C:\xampp\htdocs\wedding_org-master\system\View\View.php(210): include('C:\\xampp\\htdocs...')
#5 C:\xampp\htdocs\wedding_org-master\system\View\View.php(213): CodeIgniter\View\View->CodeIgniter\View\{closure}()
#6 C:\xampp\htdocs\wedding_org-master\system\View\View.php(226): CodeIgniter\View\View->render('layout/default', Array, true)
#7 C:\xampp\htdocs\wedding_org-master\system\Common.php(1089): CodeIgniter\View\View->render('gawe/add', Array, true)
#8 C:\xampp\htdocs\wedding_org-master\app\Controllers\Gawe.php(19): view('gawe/add')
#9 C:\xampp\htdocs\wedding_org-master\system\CodeIgniter.php(832): App\Controllers\Gawe->create()
#10 C:\xampp\htdocs\wedding_org-master\system\CodeIgniter.php(419): CodeIgniter\CodeIgniter->runController(Object(App\Controllers\Gawe))
#11 C:\xampp\htdocs\wedding_org-master\system\CodeIgniter.php(326): CodeIgniter\CodeIgniter->handleRequest(NULL, Object(Config\Cache), false)
#12 C:\xampp\htdocs\wedding_org-master\public\index.php(37): CodeIgniter\CodeIgniter->run()
#13 C:\xampp\htdocs\wedding_org-master\system\Commands\Server\rewrite.php(43): require_once('C:\\xampp\\htdocs...')
#14 {main}
