ERROR - 2022-06-14 18:24:55 --> Table 'wedding.gawe' doesn't exist
CRITICAL - 2022-06-14 18:24:55 --> Table 'wedding.gawe' doesn't exist
#0 C:\xampp\htdocs\wedding_org-master\system\Database\MySQLi\Connection.php(292): mysqli->query('SELECT COUNT(*)...', 0)
#1 C:\xampp\htdocs\wedding_org-master\system\Database\BaseConnection.php(670): CodeIgniter\Database\MySQLi\Connection->execute('SELECT COUNT(*)...')
#2 C:\xampp\htdocs\wedding_org-master\system\Database\BaseConnection.php(598): CodeIgniter\Database\BaseConnection->simpleQuery('SELECT COUNT(*)...')
#3 C:\xampp\htdocs\wedding_org-master\system\Database\BaseBuilder.php(1539): CodeIgniter\Database\BaseConnection->query('SELECT COUNT(*)...', Array, false)
#4 C:\xampp\htdocs\wedding_org-master\app\Helpers\custom_helper.php(9): CodeIgniter\Database\BaseBuilder->countAllResults()
#5 C:\xampp\htdocs\wedding_org-master\app\Views\home.php(25): countData('gawe')
#6 C:\xampp\htdocs\wedding_org-master\system\View\View.php(210): include('C:\\xampp\\htdocs...')
#7 C:\xampp\htdocs\wedding_org-master\system\View\View.php(213): CodeIgniter\View\View->CodeIgniter\View\{closure}()
#8 C:\xampp\htdocs\wedding_org-master\system\Common.php(1089): CodeIgniter\View\View->render('home', Array, true)
#9 C:\xampp\htdocs\wedding_org-master\app\Controllers\Home.php(9): view('home')
#10 C:\xampp\htdocs\wedding_org-master\system\CodeIgniter.php(832): App\Controllers\Home->index()
#11 C:\xampp\htdocs\wedding_org-master\system\CodeIgniter.php(419): CodeIgniter\CodeIgniter->runController(Object(App\Controllers\Home))
#12 C:\xampp\htdocs\wedding_org-master\system\CodeIgniter.php(326): CodeIgniter\CodeIgniter->handleRequest(NULL, Object(Config\Cache), false)
#13 C:\xampp\htdocs\wedding_org-master\public\index.php(37): CodeIgniter\CodeIgniter->run()
#14 C:\xampp\htdocs\wedding_org-master\system\Commands\Server\rewrite.php(43): require_once('C:\\xampp\\htdocs...')
#15 {main}
ERROR - 2022-06-14 18:25:11 --> Table 'wedding.gawe' doesn't exist
CRITICAL - 2022-06-14 18:25:11 --> Table 'wedding.gawe' doesn't exist
#0 C:\xampp\htdocs\wedding_org-master\system\Database\MySQLi\Connection.php(292): mysqli->query('SELECT COUNT(*)...', 0)
#1 C:\xampp\htdocs\wedding_org-master\system\Database\BaseConnection.php(670): CodeIgniter\Database\MySQLi\Connection->execute('SELECT COUNT(*)...')
#2 C:\xampp\htdocs\wedding_org-master\system\Database\BaseConnection.php(598): CodeIgniter\Database\BaseConnection->simpleQuery('SELECT COUNT(*)...')
#3 C:\xampp\htdocs\wedding_org-master\system\Database\BaseBuilder.php(1539): CodeIgniter\Database\BaseConnection->query('SELECT COUNT(*)...', Array, false)
#4 C:\xampp\htdocs\wedding_org-master\app\Helpers\custom_helper.php(9): CodeIgniter\Database\BaseBuilder->countAllResults()
#5 C:\xampp\htdocs\wedding_org-master\app\Views\home.php(25): countData('gawe')
#6 C:\xampp\htdocs\wedding_org-master\system\View\View.php(210): include('C:\\xampp\\htdocs...')
#7 C:\xampp\htdocs\wedding_org-master\system\View\View.php(213): CodeIgniter\View\View->CodeIgniter\View\{closure}()
#8 C:\xampp\htdocs\wedding_org-master\system\Common.php(1089): CodeIgniter\View\View->render('home', Array, true)
#9 C:\xampp\htdocs\wedding_org-master\app\Controllers\Home.php(9): view('home')
#10 C:\xampp\htdocs\wedding_org-master\system\CodeIgniter.php(832): App\Controllers\Home->index()
#11 C:\xampp\htdocs\wedding_org-master\system\CodeIgniter.php(419): CodeIgniter\CodeIgniter->runController(Object(App\Controllers\Home))
#12 C:\xampp\htdocs\wedding_org-master\system\CodeIgniter.php(326): CodeIgniter\CodeIgniter->handleRequest(NULL, Object(Config\Cache), false)
#13 C:\xampp\htdocs\wedding_org-master\public\index.php(37): CodeIgniter\CodeIgniter->run()
#14 C:\xampp\htdocs\wedding_org-master\system\Commands\Server\rewrite.php(43): require_once('C:\\xampp\\htdocs...')
#15 {main}
ERROR - 2022-06-14 18:25:37 --> Table 'wedding.gawe' doesn't exist
CRITICAL - 2022-06-14 18:25:37 --> Table 'wedding.gawe' doesn't exist
#0 C:\xampp\htdocs\wedding_org-master\system\Database\MySQLi\Connection.php(292): mysqli->query('SELECT COUNT(*)...', 0)
#1 C:\xampp\htdocs\wedding_org-master\system\Database\BaseConnection.php(670): CodeIgniter\Database\MySQLi\Connection->execute('SELECT COUNT(*)...')
#2 C:\xampp\htdocs\wedding_org-master\system\Database\BaseConnection.php(598): CodeIgniter\Database\BaseConnection->simpleQuery('SELECT COUNT(*)...')
#3 C:\xampp\htdocs\wedding_org-master\system\Database\BaseBuilder.php(1539): CodeIgniter\Database\BaseConnection->query('SELECT COUNT(*)...', Array, false)
#4 C:\xampp\htdocs\wedding_org-master\app\Helpers\custom_helper.php(9): CodeIgniter\Database\BaseBuilder->countAllResults()
#5 C:\xampp\htdocs\wedding_org-master\app\Views\home.php(25): countData('gawe')
#6 C:\xampp\htdocs\wedding_org-master\system\View\View.php(210): include('C:\\xampp\\htdocs...')
#7 C:\xampp\htdocs\wedding_org-master\system\View\View.php(213): CodeIgniter\View\View->CodeIgniter\View\{closure}()
#8 C:\xampp\htdocs\wedding_org-master\system\Common.php(1089): CodeIgniter\View\View->render('home', Array, true)
#9 C:\xampp\htdocs\wedding_org-master\app\Controllers\Home.php(9): view('home')
#10 C:\xampp\htdocs\wedding_org-master\system\CodeIgniter.php(832): App\Controllers\Home->index()
#11 C:\xampp\htdocs\wedding_org-master\system\CodeIgniter.php(419): CodeIgniter\CodeIgniter->runController(Object(App\Controllers\Home))
#12 C:\xampp\htdocs\wedding_org-master\system\CodeIgniter.php(326): CodeIgniter\CodeIgniter->handleRequest(NULL, Object(Config\Cache), false)
#13 C:\xampp\htdocs\wedding_org-master\public\index.php(37): CodeIgniter\CodeIgniter->run()
#14 C:\xampp\htdocs\wedding_org-master\system\Commands\Server\rewrite.php(43): require_once('C:\\xampp\\htdocs...')
#15 {main}
ERROR - 2022-06-14 19:20:30 --> Table 'wedding.gawe' doesn't exist
CRITICAL - 2022-06-14 19:20:30 --> Table 'wedding.gawe' doesn't exist
#0 C:\xampp\htdocs\wedding_org-master\system\Database\MySQLi\Connection.php(292): mysqli->query('SELECT COUNT(*)...', 0)
#1 C:\xampp\htdocs\wedding_org-master\system\Database\BaseConnection.php(670): CodeIgniter\Database\MySQLi\Connection->execute('SELECT COUNT(*)...')
#2 C:\xampp\htdocs\wedding_org-master\system\Database\BaseConnection.php(598): CodeIgniter\Database\BaseConnection->simpleQuery('SELECT COUNT(*)...')
#3 C:\xampp\htdocs\wedding_org-master\system\Database\BaseBuilder.php(1539): CodeIgniter\Database\BaseConnection->query('SELECT COUNT(*)...', Array, false)
#4 C:\xampp\htdocs\wedding_org-master\app\Helpers\custom_helper.php(9): CodeIgniter\Database\BaseBuilder->countAllResults()
#5 C:\xampp\htdocs\wedding_org-master\app\Views\home.php(25): countData('gawe')
#6 C:\xampp\htdocs\wedding_org-master\system\View\View.php(210): include('C:\\xampp\\htdocs...')
#7 C:\xampp\htdocs\wedding_org-master\system\View\View.php(213): CodeIgniter\View\View->CodeIgniter\View\{closure}()
#8 C:\xampp\htdocs\wedding_org-master\system\Common.php(1089): CodeIgniter\View\View->render('home', Array, true)
#9 C:\xampp\htdocs\wedding_org-master\app\Controllers\Home.php(9): view('home')
#10 C:\xampp\htdocs\wedding_org-master\system\CodeIgniter.php(832): App\Controllers\Home->index()
#11 C:\xampp\htdocs\wedding_org-master\system\CodeIgniter.php(419): CodeIgniter\CodeIgniter->runController(Object(App\Controllers\Home))
#12 C:\xampp\htdocs\wedding_org-master\system\CodeIgniter.php(326): CodeIgniter\CodeIgniter->handleRequest(NULL, Object(Config\Cache), false)
#13 C:\xampp\htdocs\wedding_org-master\public\index.php(37): CodeIgniter\CodeIgniter->run()
#14 C:\xampp\htdocs\wedding_org-master\system\Commands\Server\rewrite.php(43): require_once('C:\\xampp\\htdocs...')
#15 {main}
ERROR - 2022-06-14 19:21:30 --> Table 'wedding.gawe' doesn't exist
CRITICAL - 2022-06-14 19:21:30 --> Table 'wedding.gawe' doesn't exist
#0 C:\xampp\htdocs\wedding_org-master\system\Database\MySQLi\Connection.php(292): mysqli->query('SELECT COUNT(*)...', 0)
#1 C:\xampp\htdocs\wedding_org-master\system\Database\BaseConnection.php(670): CodeIgniter\Database\MySQLi\Connection->execute('SELECT COUNT(*)...')
#2 C:\xampp\htdocs\wedding_org-master\system\Database\BaseConnection.php(598): CodeIgniter\Database\BaseConnection->simpleQuery('SELECT COUNT(*)...')
#3 C:\xampp\htdocs\wedding_org-master\system\Database\BaseBuilder.php(1539): CodeIgniter\Database\BaseConnection->query('SELECT COUNT(*)...', Array, false)
#4 C:\xampp\htdocs\wedding_org-master\app\Helpers\custom_helper.php(9): CodeIgniter\Database\BaseBuilder->countAllResults()
#5 C:\xampp\htdocs\wedding_org-master\app\Views\home.php(25): countData('gawe')
#6 C:\xampp\htdocs\wedding_org-master\system\View\View.php(210): include('C:\\xampp\\htdocs...')
#7 C:\xampp\htdocs\wedding_org-master\system\View\View.php(213): CodeIgniter\View\View->CodeIgniter\View\{closure}()
#8 C:\xampp\htdocs\wedding_org-master\system\Common.php(1089): CodeIgniter\View\View->render('home', Array, true)
#9 C:\xampp\htdocs\wedding_org-master\app\Controllers\Home.php(9): view('home')
#10 C:\xampp\htdocs\wedding_org-master\system\CodeIgniter.php(832): App\Controllers\Home->index()
#11 C:\xampp\htdocs\wedding_org-master\system\CodeIgniter.php(419): CodeIgniter\CodeIgniter->runController(Object(App\Controllers\Home))
#12 C:\xampp\htdocs\wedding_org-master\system\CodeIgniter.php(326): CodeIgniter\CodeIgniter->handleRequest(NULL, Object(Config\Cache), false)
#13 C:\xampp\htdocs\wedding_org-master\public\index.php(37): CodeIgniter\CodeIgniter->run()
#14 C:\xampp\htdocs\wedding_org-master\system\Commands\Server\rewrite.php(43): require_once('C:\\xampp\\htdocs...')
#15 {main}
ERROR - 2022-06-14 19:25:05 --> Table 'wedding.gawe' doesn't exist
CRITICAL - 2022-06-14 19:25:05 --> Table 'wedding.gawe' doesn't exist
#0 C:\xampp\htdocs\wedding_org-master\system\Database\MySQLi\Connection.php(292): mysqli->query('SELECT COUNT(*)...', 0)
#1 C:\xampp\htdocs\wedding_org-master\system\Database\BaseConnection.php(670): CodeIgniter\Database\MySQLi\Connection->execute('SELECT COUNT(*)...')
#2 C:\xampp\htdocs\wedding_org-master\system\Database\BaseConnection.php(598): CodeIgniter\Database\BaseConnection->simpleQuery('SELECT COUNT(*)...')
#3 C:\xampp\htdocs\wedding_org-master\system\Database\BaseBuilder.php(1539): CodeIgniter\Database\BaseConnection->query('SELECT COUNT(*)...', Array, false)
#4 C:\xampp\htdocs\wedding_org-master\app\Helpers\custom_helper.php(9): CodeIgniter\Database\BaseBuilder->countAllResults()
#5 C:\xampp\htdocs\wedding_org-master\app\Views\home.php(25): countData('gawe')
#6 C:\xampp\htdocs\wedding_org-master\system\View\View.php(210): include('C:\\xampp\\htdocs...')
#7 C:\xampp\htdocs\wedding_org-master\system\View\View.php(213): CodeIgniter\View\View->CodeIgniter\View\{closure}()
#8 C:\xampp\htdocs\wedding_org-master\system\Common.php(1089): CodeIgniter\View\View->render('home', Array, true)
#9 C:\xampp\htdocs\wedding_org-master\app\Controllers\Home.php(9): view('home')
#10 C:\xampp\htdocs\wedding_org-master\system\CodeIgniter.php(832): App\Controllers\Home->index()
#11 C:\xampp\htdocs\wedding_org-master\system\CodeIgniter.php(419): CodeIgniter\CodeIgniter->runController(Object(App\Controllers\Home))
#12 C:\xampp\htdocs\wedding_org-master\system\CodeIgniter.php(326): CodeIgniter\CodeIgniter->handleRequest(NULL, Object(Config\Cache), false)
#13 C:\xampp\htdocs\wedding_org-master\public\index.php(37): CodeIgniter\CodeIgniter->run()
#14 C:\xampp\htdocs\wedding_org-master\system\Commands\Server\rewrite.php(43): require_once('C:\\xampp\\htdocs...')
#15 {main}
