ERROR - 2022-04-16 02:12:59 --> Can't create database 'wedding'; database exists
CRITICAL - 2022-04-16 02:12:59 --> Unable to create the specified database.
#0 C:\xampp\htdocs\wedding_org\app\Config\Routes.php(36): CodeIgniter\Database\Forge->createDatabase('wedding')
#1 C:\xampp\htdocs\wedding_org\system\CodeIgniter.php(788): CodeIgniter\CodeIgniter->Config\{closure}()
#2 C:\xampp\htdocs\wedding_org\system\CodeIgniter.php(406): CodeIgniter\CodeIgniter->startController()
#3 C:\xampp\htdocs\wedding_org\system\CodeIgniter.php(326): CodeIgniter\CodeIgniter->handleRequest(NULL, Object(Config\Cache), false)
#4 C:\xampp\htdocs\wedding_org\public\index.php(37): CodeIgniter\CodeIgniter->run()
#5 C:\xampp\htdocs\wedding_org\system\Commands\Server\rewrite.php(43): require_once('C:\\xampp\\htdocs...')
#6 {main}
CRITICAL - 2022-04-16 03:17:26 --> Undefined constant "App\Controllers\query"
#0 C:\xampp\htdocs\wedding_org\system\CodeIgniter.php(832): App\Controllers\Gawe->index()
#1 C:\xampp\htdocs\wedding_org\system\CodeIgniter.php(419): CodeIgniter\CodeIgniter->runController(Object(App\Controllers\Gawe))
#2 C:\xampp\htdocs\wedding_org\system\CodeIgniter.php(326): CodeIgniter\CodeIgniter->handleRequest(NULL, Object(Config\Cache), false)
#3 C:\xampp\htdocs\wedding_org\public\index.php(37): CodeIgniter\CodeIgniter->run()
#4 C:\xampp\htdocs\wedding_org\system\Commands\Server\rewrite.php(43): require_once('C:\\xampp\\htdocs...')
#5 {main}
CRITICAL - 2022-04-16 03:31:38 --> syntax error, unexpected token ")", expecting "->" or "?->" or "{" or "["
#0 C:\xampp\htdocs\wedding_org\system\View\View.php(213): CodeIgniter\View\View->CodeIgniter\View\{closure}()
#1 C:\xampp\htdocs\wedding_org\system\Common.php(1089): CodeIgniter\View\View->render('gawe/get', Array, true)
#2 C:\xampp\htdocs\wedding_org\app\Controllers\Gawe.php(14): view('gawe/get', Array)
#3 C:\xampp\htdocs\wedding_org\system\CodeIgniter.php(832): App\Controllers\Gawe->index()
#4 C:\xampp\htdocs\wedding_org\system\CodeIgniter.php(419): CodeIgniter\CodeIgniter->runController(Object(App\Controllers\Gawe))
#5 C:\xampp\htdocs\wedding_org\system\CodeIgniter.php(326): CodeIgniter\CodeIgniter->handleRequest(NULL, Object(Config\Cache), false)
#6 C:\xampp\htdocs\wedding_org\public\index.php(37): CodeIgniter\CodeIgniter->run()
#7 C:\xampp\htdocs\wedding_org\system\Commands\Server\rewrite.php(43): require_once('C:\\xampp\\htdocs...')
#8 {main}
CRITICAL - 2022-04-16 03:38:57 --> Unsupported operand types: string + int
#0 C:\xampp\htdocs\wedding_org\system\View\View.php(210): include()
#1 C:\xampp\htdocs\wedding_org\system\View\View.php(213): CodeIgniter\View\View->CodeIgniter\View\{closure}()
#2 C:\xampp\htdocs\wedding_org\system\Common.php(1089): CodeIgniter\View\View->render('gawe/get', Array, true)
#3 C:\xampp\htdocs\wedding_org\app\Controllers\Gawe.php(14): view('gawe/get', Array)
#4 C:\xampp\htdocs\wedding_org\system\CodeIgniter.php(832): App\Controllers\Gawe->index()
#5 C:\xampp\htdocs\wedding_org\system\CodeIgniter.php(419): CodeIgniter\CodeIgniter->runController(Object(App\Controllers\Gawe))
#6 C:\xampp\htdocs\wedding_org\system\CodeIgniter.php(326): CodeIgniter\CodeIgniter->handleRequest(NULL, Object(Config\Cache), false)
#7 C:\xampp\htdocs\wedding_org\public\index.php(37): CodeIgniter\CodeIgniter->run()
#8 C:\xampp\htdocs\wedding_org\system\Commands\Server\rewrite.php(43): require_once('C:\\xampp\\htdocs...')
#9 {main}
CRITICAL - 2022-04-16 03:40:27 --> Unsupported operand types: string + int
#0 C:\xampp\htdocs\wedding_org\system\View\View.php(210): include()
#1 C:\xampp\htdocs\wedding_org\system\View\View.php(213): CodeIgniter\View\View->CodeIgniter\View\{closure}()
#2 C:\xampp\htdocs\wedding_org\system\Common.php(1089): CodeIgniter\View\View->render('gawe/get', Array, true)
#3 C:\xampp\htdocs\wedding_org\app\Controllers\Gawe.php(14): view('gawe/get', Array)
#4 C:\xampp\htdocs\wedding_org\system\CodeIgniter.php(832): App\Controllers\Gawe->index()
#5 C:\xampp\htdocs\wedding_org\system\CodeIgniter.php(419): CodeIgniter\CodeIgniter->runController(Object(App\Controllers\Gawe))
#6 C:\xampp\htdocs\wedding_org\system\CodeIgniter.php(326): CodeIgniter\CodeIgniter->handleRequest(NULL, Object(Config\Cache), false)
#7 C:\xampp\htdocs\wedding_org\public\index.php(37): CodeIgniter\CodeIgniter->run()
#8 C:\xampp\htdocs\wedding_org\system\Commands\Server\rewrite.php(43): require_once('C:\\xampp\\htdocs...')
#9 {main}
CRITICAL - 2022-04-16 03:40:28 --> Unsupported operand types: string + int
#0 C:\xampp\htdocs\wedding_org\system\View\View.php(210): include()
#1 C:\xampp\htdocs\wedding_org\system\View\View.php(213): CodeIgniter\View\View->CodeIgniter\View\{closure}()
#2 C:\xampp\htdocs\wedding_org\system\Common.php(1089): CodeIgniter\View\View->render('gawe/get', Array, true)
#3 C:\xampp\htdocs\wedding_org\app\Controllers\Gawe.php(14): view('gawe/get', Array)
#4 C:\xampp\htdocs\wedding_org\system\CodeIgniter.php(832): App\Controllers\Gawe->index()
#5 C:\xampp\htdocs\wedding_org\system\CodeIgniter.php(419): CodeIgniter\CodeIgniter->runController(Object(App\Controllers\Gawe))
#6 C:\xampp\htdocs\wedding_org\system\CodeIgniter.php(326): CodeIgniter\CodeIgniter->handleRequest(NULL, Object(Config\Cache), false)
#7 C:\xampp\htdocs\wedding_org\public\index.php(37): CodeIgniter\CodeIgniter->run()
#8 C:\xampp\htdocs\wedding_org\system\Commands\Server\rewrite.php(43): require_once('C:\\xampp\\htdocs...')
#9 {main}
CRITICAL - 2022-04-16 03:40:29 --> Unsupported operand types: string + int
#0 C:\xampp\htdocs\wedding_org\system\View\View.php(210): include()
#1 C:\xampp\htdocs\wedding_org\system\View\View.php(213): CodeIgniter\View\View->CodeIgniter\View\{closure}()
#2 C:\xampp\htdocs\wedding_org\system\Common.php(1089): CodeIgniter\View\View->render('gawe/get', Array, true)
#3 C:\xampp\htdocs\wedding_org\app\Controllers\Gawe.php(14): view('gawe/get', Array)
#4 C:\xampp\htdocs\wedding_org\system\CodeIgniter.php(832): App\Controllers\Gawe->index()
#5 C:\xampp\htdocs\wedding_org\system\CodeIgniter.php(419): CodeIgniter\CodeIgniter->runController(Object(App\Controllers\Gawe))
#6 C:\xampp\htdocs\wedding_org\system\CodeIgniter.php(326): CodeIgniter\CodeIgniter->handleRequest(NULL, Object(Config\Cache), false)
#7 C:\xampp\htdocs\wedding_org\public\index.php(37): CodeIgniter\CodeIgniter->run()
#8 C:\xampp\htdocs\wedding_org\system\Commands\Server\rewrite.php(43): require_once('C:\\xampp\\htdocs...')
#9 {main}
CRITICAL - 2022-04-16 03:40:29 --> Unsupported operand types: string + int
#0 C:\xampp\htdocs\wedding_org\system\View\View.php(210): include()
#1 C:\xampp\htdocs\wedding_org\system\View\View.php(213): CodeIgniter\View\View->CodeIgniter\View\{closure}()
#2 C:\xampp\htdocs\wedding_org\system\Common.php(1089): CodeIgniter\View\View->render('gawe/get', Array, true)
#3 C:\xampp\htdocs\wedding_org\app\Controllers\Gawe.php(14): view('gawe/get', Array)
#4 C:\xampp\htdocs\wedding_org\system\CodeIgniter.php(832): App\Controllers\Gawe->index()
#5 C:\xampp\htdocs\wedding_org\system\CodeIgniter.php(419): CodeIgniter\CodeIgniter->runController(Object(App\Controllers\Gawe))
#6 C:\xampp\htdocs\wedding_org\system\CodeIgniter.php(326): CodeIgniter\CodeIgniter->handleRequest(NULL, Object(Config\Cache), false)
#7 C:\xampp\htdocs\wedding_org\public\index.php(37): CodeIgniter\CodeIgniter->run()
#8 C:\xampp\htdocs\wedding_org\system\Commands\Server\rewrite.php(43): require_once('C:\\xampp\\htdocs...')
#9 {main}
CRITICAL - 2022-04-16 03:42:30 --> Unsupported operand types: string + int
#0 C:\xampp\htdocs\wedding_org\system\View\View.php(210): include()
#1 C:\xampp\htdocs\wedding_org\system\View\View.php(213): CodeIgniter\View\View->CodeIgniter\View\{closure}()
#2 C:\xampp\htdocs\wedding_org\system\Common.php(1089): CodeIgniter\View\View->render('gawe/get', Array, true)
#3 C:\xampp\htdocs\wedding_org\app\Controllers\Gawe.php(14): view('gawe/get', Array)
#4 C:\xampp\htdocs\wedding_org\system\CodeIgniter.php(832): App\Controllers\Gawe->index()
#5 C:\xampp\htdocs\wedding_org\system\CodeIgniter.php(419): CodeIgniter\CodeIgniter->runController(Object(App\Controllers\Gawe))
#6 C:\xampp\htdocs\wedding_org\system\CodeIgniter.php(326): CodeIgniter\CodeIgniter->handleRequest(NULL, Object(Config\Cache), false)
#7 C:\xampp\htdocs\wedding_org\public\index.php(37): CodeIgniter\CodeIgniter->run()
#8 C:\xampp\htdocs\wedding_org\system\Commands\Server\rewrite.php(43): require_once('C:\\xampp\\htdocs...')
#9 {main}
CRITICAL - 2022-04-16 03:42:47 --> Unsupported operand types: string + int
#0 C:\xampp\htdocs\wedding_org\system\View\View.php(210): include()
#1 C:\xampp\htdocs\wedding_org\system\View\View.php(213): CodeIgniter\View\View->CodeIgniter\View\{closure}()
#2 C:\xampp\htdocs\wedding_org\system\Common.php(1089): CodeIgniter\View\View->render('gawe/get', Array, true)
#3 C:\xampp\htdocs\wedding_org\app\Controllers\Gawe.php(14): view('gawe/get', Array)
#4 C:\xampp\htdocs\wedding_org\system\CodeIgniter.php(832): App\Controllers\Gawe->index()
#5 C:\xampp\htdocs\wedding_org\system\CodeIgniter.php(419): CodeIgniter\CodeIgniter->runController(Object(App\Controllers\Gawe))
#6 C:\xampp\htdocs\wedding_org\system\CodeIgniter.php(326): CodeIgniter\CodeIgniter->handleRequest(NULL, Object(Config\Cache), false)
#7 C:\xampp\htdocs\wedding_org\public\index.php(37): CodeIgniter\CodeIgniter->run()
#8 C:\xampp\htdocs\wedding_org\system\Commands\Server\rewrite.php(43): require_once('C:\\xampp\\htdocs...')
#9 {main}
CRITICAL - 2022-04-16 03:44:15 --> Unsupported operand types: string + int
#0 C:\xampp\htdocs\wedding_org\system\View\View.php(210): include()
#1 C:\xampp\htdocs\wedding_org\system\View\View.php(213): CodeIgniter\View\View->CodeIgniter\View\{closure}()
#2 C:\xampp\htdocs\wedding_org\system\Common.php(1089): CodeIgniter\View\View->render('gawe/get', Array, true)
#3 C:\xampp\htdocs\wedding_org\app\Controllers\Gawe.php(14): view('gawe/get', Array)
#4 C:\xampp\htdocs\wedding_org\system\CodeIgniter.php(832): App\Controllers\Gawe->index()
#5 C:\xampp\htdocs\wedding_org\system\CodeIgniter.php(419): CodeIgniter\CodeIgniter->runController(Object(App\Controllers\Gawe))
#6 C:\xampp\htdocs\wedding_org\system\CodeIgniter.php(326): CodeIgniter\CodeIgniter->handleRequest(NULL, Object(Config\Cache), false)
#7 C:\xampp\htdocs\wedding_org\public\index.php(37): CodeIgniter\CodeIgniter->run()
#8 C:\xampp\htdocs\wedding_org\system\Commands\Server\rewrite.php(43): require_once('C:\\xampp\\htdocs...')
#9 {main}
CRITICAL - 2022-04-16 03:44:16 --> Unsupported operand types: string + int
#0 C:\xampp\htdocs\wedding_org\system\View\View.php(210): include()
#1 C:\xampp\htdocs\wedding_org\system\View\View.php(213): CodeIgniter\View\View->CodeIgniter\View\{closure}()
#2 C:\xampp\htdocs\wedding_org\system\Common.php(1089): CodeIgniter\View\View->render('gawe/get', Array, true)
#3 C:\xampp\htdocs\wedding_org\app\Controllers\Gawe.php(14): view('gawe/get', Array)
#4 C:\xampp\htdocs\wedding_org\system\CodeIgniter.php(832): App\Controllers\Gawe->index()
#5 C:\xampp\htdocs\wedding_org\system\CodeIgniter.php(419): CodeIgniter\CodeIgniter->runController(Object(App\Controllers\Gawe))
#6 C:\xampp\htdocs\wedding_org\system\CodeIgniter.php(326): CodeIgniter\CodeIgniter->handleRequest(NULL, Object(Config\Cache), false)
#7 C:\xampp\htdocs\wedding_org\public\index.php(37): CodeIgniter\CodeIgniter->run()
#8 C:\xampp\htdocs\wedding_org\system\Commands\Server\rewrite.php(43): require_once('C:\\xampp\\htdocs...')
#9 {main}
CRITICAL - 2022-04-16 03:44:17 --> Unsupported operand types: string + int
#0 C:\xampp\htdocs\wedding_org\system\View\View.php(210): include()
#1 C:\xampp\htdocs\wedding_org\system\View\View.php(213): CodeIgniter\View\View->CodeIgniter\View\{closure}()
#2 C:\xampp\htdocs\wedding_org\system\Common.php(1089): CodeIgniter\View\View->render('gawe/get', Array, true)
#3 C:\xampp\htdocs\wedding_org\app\Controllers\Gawe.php(14): view('gawe/get', Array)
#4 C:\xampp\htdocs\wedding_org\system\CodeIgniter.php(832): App\Controllers\Gawe->index()
#5 C:\xampp\htdocs\wedding_org\system\CodeIgniter.php(419): CodeIgniter\CodeIgniter->runController(Object(App\Controllers\Gawe))
#6 C:\xampp\htdocs\wedding_org\system\CodeIgniter.php(326): CodeIgniter\CodeIgniter->handleRequest(NULL, Object(Config\Cache), false)
#7 C:\xampp\htdocs\wedding_org\public\index.php(37): CodeIgniter\CodeIgniter->run()
#8 C:\xampp\htdocs\wedding_org\system\Commands\Server\rewrite.php(43): require_once('C:\\xampp\\htdocs...')
#9 {main}
CRITICAL - 2022-04-16 03:45:04 --> Undefined property: mysqli::$name_gawe
#0 C:\xampp\htdocs\wedding_org\app\Views\Gawe\get.php(29): CodeIgniter\Debug\Exceptions->errorHandler(2, 'Undefined prope...', 'C:\\xampp\\htdocs...', 29)
#1 C:\xampp\htdocs\wedding_org\system\View\View.php(210): include('C:\\xampp\\htdocs...')
#2 C:\xampp\htdocs\wedding_org\system\View\View.php(213): CodeIgniter\View\View->CodeIgniter\View\{closure}()
#3 C:\xampp\htdocs\wedding_org\system\Common.php(1089): CodeIgniter\View\View->render('gawe/get', Array, true)
#4 C:\xampp\htdocs\wedding_org\app\Controllers\Gawe.php(14): view('gawe/get', Array)
#5 C:\xampp\htdocs\wedding_org\system\CodeIgniter.php(832): App\Controllers\Gawe->index()
#6 C:\xampp\htdocs\wedding_org\system\CodeIgniter.php(419): CodeIgniter\CodeIgniter->runController(Object(App\Controllers\Gawe))
#7 C:\xampp\htdocs\wedding_org\system\CodeIgniter.php(326): CodeIgniter\CodeIgniter->handleRequest(NULL, Object(Config\Cache), false)
#8 C:\xampp\htdocs\wedding_org\public\index.php(37): CodeIgniter\CodeIgniter->run()
#9 C:\xampp\htdocs\wedding_org\system\Commands\Server\rewrite.php(43): require_once('C:\\xampp\\htdocs...')
#10 {main}
CRITICAL - 2022-04-16 03:47:24 --> Unsupported operand types: string + int
#0 C:\xampp\htdocs\wedding_org\system\View\View.php(210): include()
#1 C:\xampp\htdocs\wedding_org\system\View\View.php(213): CodeIgniter\View\View->CodeIgniter\View\{closure}()
#2 C:\xampp\htdocs\wedding_org\system\Common.php(1089): CodeIgniter\View\View->render('gawe/get', Array, true)
#3 C:\xampp\htdocs\wedding_org\app\Controllers\Gawe.php(14): view('gawe/get', Array)
#4 C:\xampp\htdocs\wedding_org\system\CodeIgniter.php(832): App\Controllers\Gawe->index()
#5 C:\xampp\htdocs\wedding_org\system\CodeIgniter.php(419): CodeIgniter\CodeIgniter->runController(Object(App\Controllers\Gawe))
#6 C:\xampp\htdocs\wedding_org\system\CodeIgniter.php(326): CodeIgniter\CodeIgniter->handleRequest(NULL, Object(Config\Cache), false)
#7 C:\xampp\htdocs\wedding_org\public\index.php(37): CodeIgniter\CodeIgniter->run()
#8 C:\xampp\htdocs\wedding_org\system\Commands\Server\rewrite.php(43): require_once('C:\\xampp\\htdocs...')
#9 {main}
CRITICAL - 2022-04-16 03:49:04 --> Unsupported operand types: string + int
#0 C:\xampp\htdocs\wedding_org\system\View\View.php(210): include()
#1 C:\xampp\htdocs\wedding_org\system\View\View.php(213): CodeIgniter\View\View->CodeIgniter\View\{closure}()
#2 C:\xampp\htdocs\wedding_org\system\Common.php(1089): CodeIgniter\View\View->render('gawe/get', Array, true)
#3 C:\xampp\htdocs\wedding_org\app\Controllers\Gawe.php(14): view('gawe/get', Array)
#4 C:\xampp\htdocs\wedding_org\system\CodeIgniter.php(832): App\Controllers\Gawe->index()
#5 C:\xampp\htdocs\wedding_org\system\CodeIgniter.php(419): CodeIgniter\CodeIgniter->runController(Object(App\Controllers\Gawe))
#6 C:\xampp\htdocs\wedding_org\system\CodeIgniter.php(326): CodeIgniter\CodeIgniter->handleRequest(NULL, Object(Config\Cache), false)
#7 C:\xampp\htdocs\wedding_org\public\index.php(37): CodeIgniter\CodeIgniter->run()
#8 C:\xampp\htdocs\wedding_org\system\Commands\Server\rewrite.php(43): require_once('C:\\xampp\\htdocs...')
#9 {main}
CRITICAL - 2022-04-16 03:49:06 --> Unsupported operand types: string + int
#0 C:\xampp\htdocs\wedding_org\system\View\View.php(210): include()
#1 C:\xampp\htdocs\wedding_org\system\View\View.php(213): CodeIgniter\View\View->CodeIgniter\View\{closure}()
#2 C:\xampp\htdocs\wedding_org\system\Common.php(1089): CodeIgniter\View\View->render('gawe/get', Array, true)
#3 C:\xampp\htdocs\wedding_org\app\Controllers\Gawe.php(14): view('gawe/get', Array)
#4 C:\xampp\htdocs\wedding_org\system\CodeIgniter.php(832): App\Controllers\Gawe->index()
#5 C:\xampp\htdocs\wedding_org\system\CodeIgniter.php(419): CodeIgniter\CodeIgniter->runController(Object(App\Controllers\Gawe))
#6 C:\xampp\htdocs\wedding_org\system\CodeIgniter.php(326): CodeIgniter\CodeIgniter->handleRequest(NULL, Object(Config\Cache), false)
#7 C:\xampp\htdocs\wedding_org\public\index.php(37): CodeIgniter\CodeIgniter->run()
#8 C:\xampp\htdocs\wedding_org\system\Commands\Server\rewrite.php(43): require_once('C:\\xampp\\htdocs...')
#9 {main}
CRITICAL - 2022-04-16 03:49:07 --> Unsupported operand types: string + int
#0 C:\xampp\htdocs\wedding_org\system\View\View.php(210): include()
#1 C:\xampp\htdocs\wedding_org\system\View\View.php(213): CodeIgniter\View\View->CodeIgniter\View\{closure}()
#2 C:\xampp\htdocs\wedding_org\system\Common.php(1089): CodeIgniter\View\View->render('gawe/get', Array, true)
#3 C:\xampp\htdocs\wedding_org\app\Controllers\Gawe.php(14): view('gawe/get', Array)
#4 C:\xampp\htdocs\wedding_org\system\CodeIgniter.php(832): App\Controllers\Gawe->index()
#5 C:\xampp\htdocs\wedding_org\system\CodeIgniter.php(419): CodeIgniter\CodeIgniter->runController(Object(App\Controllers\Gawe))
#6 C:\xampp\htdocs\wedding_org\system\CodeIgniter.php(326): CodeIgniter\CodeIgniter->handleRequest(NULL, Object(Config\Cache), false)
#7 C:\xampp\htdocs\wedding_org\public\index.php(37): CodeIgniter\CodeIgniter->run()
#8 C:\xampp\htdocs\wedding_org\system\Commands\Server\rewrite.php(43): require_once('C:\\xampp\\htdocs...')
#9 {main}
CRITICAL - 2022-04-16 03:49:07 --> Unsupported operand types: string + int
#0 C:\xampp\htdocs\wedding_org\system\View\View.php(210): include()
#1 C:\xampp\htdocs\wedding_org\system\View\View.php(213): CodeIgniter\View\View->CodeIgniter\View\{closure}()
#2 C:\xampp\htdocs\wedding_org\system\Common.php(1089): CodeIgniter\View\View->render('gawe/get', Array, true)
#3 C:\xampp\htdocs\wedding_org\app\Controllers\Gawe.php(14): view('gawe/get', Array)
#4 C:\xampp\htdocs\wedding_org\system\CodeIgniter.php(832): App\Controllers\Gawe->index()
#5 C:\xampp\htdocs\wedding_org\system\CodeIgniter.php(419): CodeIgniter\CodeIgniter->runController(Object(App\Controllers\Gawe))
#6 C:\xampp\htdocs\wedding_org\system\CodeIgniter.php(326): CodeIgniter\CodeIgniter->handleRequest(NULL, Object(Config\Cache), false)
#7 C:\xampp\htdocs\wedding_org\public\index.php(37): CodeIgniter\CodeIgniter->run()
#8 C:\xampp\htdocs\wedding_org\system\Commands\Server\rewrite.php(43): require_once('C:\\xampp\\htdocs...')
#9 {main}
CRITICAL - 2022-04-16 03:49:08 --> Unsupported operand types: string + int
#0 C:\xampp\htdocs\wedding_org\system\View\View.php(210): include()
#1 C:\xampp\htdocs\wedding_org\system\View\View.php(213): CodeIgniter\View\View->CodeIgniter\View\{closure}()
#2 C:\xampp\htdocs\wedding_org\system\Common.php(1089): CodeIgniter\View\View->render('gawe/get', Array, true)
#3 C:\xampp\htdocs\wedding_org\app\Controllers\Gawe.php(14): view('gawe/get', Array)
#4 C:\xampp\htdocs\wedding_org\system\CodeIgniter.php(832): App\Controllers\Gawe->index()
#5 C:\xampp\htdocs\wedding_org\system\CodeIgniter.php(419): CodeIgniter\CodeIgniter->runController(Object(App\Controllers\Gawe))
#6 C:\xampp\htdocs\wedding_org\system\CodeIgniter.php(326): CodeIgniter\CodeIgniter->handleRequest(NULL, Object(Config\Cache), false)
#7 C:\xampp\htdocs\wedding_org\public\index.php(37): CodeIgniter\CodeIgniter->run()
#8 C:\xampp\htdocs\wedding_org\system\Commands\Server\rewrite.php(43): require_once('C:\\xampp\\htdocs...')
#9 {main}
CRITICAL - 2022-04-16 03:49:08 --> Unsupported operand types: string + int
#0 C:\xampp\htdocs\wedding_org\system\View\View.php(210): include()
#1 C:\xampp\htdocs\wedding_org\system\View\View.php(213): CodeIgniter\View\View->CodeIgniter\View\{closure}()
#2 C:\xampp\htdocs\wedding_org\system\Common.php(1089): CodeIgniter\View\View->render('gawe/get', Array, true)
#3 C:\xampp\htdocs\wedding_org\app\Controllers\Gawe.php(14): view('gawe/get', Array)
#4 C:\xampp\htdocs\wedding_org\system\CodeIgniter.php(832): App\Controllers\Gawe->index()
#5 C:\xampp\htdocs\wedding_org\system\CodeIgniter.php(419): CodeIgniter\CodeIgniter->runController(Object(App\Controllers\Gawe))
#6 C:\xampp\htdocs\wedding_org\system\CodeIgniter.php(326): CodeIgniter\CodeIgniter->handleRequest(NULL, Object(Config\Cache), false)
#7 C:\xampp\htdocs\wedding_org\public\index.php(37): CodeIgniter\CodeIgniter->run()
#8 C:\xampp\htdocs\wedding_org\system\Commands\Server\rewrite.php(43): require_once('C:\\xampp\\htdocs...')
#9 {main}
CRITICAL - 2022-04-16 03:49:08 --> Unsupported operand types: string + int
#0 C:\xampp\htdocs\wedding_org\system\View\View.php(210): include()
#1 C:\xampp\htdocs\wedding_org\system\View\View.php(213): CodeIgniter\View\View->CodeIgniter\View\{closure}()
#2 C:\xampp\htdocs\wedding_org\system\Common.php(1089): CodeIgniter\View\View->render('gawe/get', Array, true)
#3 C:\xampp\htdocs\wedding_org\app\Controllers\Gawe.php(14): view('gawe/get', Array)
#4 C:\xampp\htdocs\wedding_org\system\CodeIgniter.php(832): App\Controllers\Gawe->index()
#5 C:\xampp\htdocs\wedding_org\system\CodeIgniter.php(419): CodeIgniter\CodeIgniter->runController(Object(App\Controllers\Gawe))
#6 C:\xampp\htdocs\wedding_org\system\CodeIgniter.php(326): CodeIgniter\CodeIgniter->handleRequest(NULL, Object(Config\Cache), false)
#7 C:\xampp\htdocs\wedding_org\public\index.php(37): CodeIgniter\CodeIgniter->run()
#8 C:\xampp\htdocs\wedding_org\system\Commands\Server\rewrite.php(43): require_once('C:\\xampp\\htdocs...')
#9 {main}
CRITICAL - 2022-04-16 03:49:09 --> Unsupported operand types: string + int
#0 C:\xampp\htdocs\wedding_org\system\View\View.php(210): include()
#1 C:\xampp\htdocs\wedding_org\system\View\View.php(213): CodeIgniter\View\View->CodeIgniter\View\{closure}()
#2 C:\xampp\htdocs\wedding_org\system\Common.php(1089): CodeIgniter\View\View->render('gawe/get', Array, true)
#3 C:\xampp\htdocs\wedding_org\app\Controllers\Gawe.php(14): view('gawe/get', Array)
#4 C:\xampp\htdocs\wedding_org\system\CodeIgniter.php(832): App\Controllers\Gawe->index()
#5 C:\xampp\htdocs\wedding_org\system\CodeIgniter.php(419): CodeIgniter\CodeIgniter->runController(Object(App\Controllers\Gawe))
#6 C:\xampp\htdocs\wedding_org\system\CodeIgniter.php(326): CodeIgniter\CodeIgniter->handleRequest(NULL, Object(Config\Cache), false)
#7 C:\xampp\htdocs\wedding_org\public\index.php(37): CodeIgniter\CodeIgniter->run()
#8 C:\xampp\htdocs\wedding_org\system\Commands\Server\rewrite.php(43): require_once('C:\\xampp\\htdocs...')
#9 {main}
CRITICAL - 2022-04-16 03:49:10 --> Unsupported operand types: string + int
#0 C:\xampp\htdocs\wedding_org\system\View\View.php(210): include()
#1 C:\xampp\htdocs\wedding_org\system\View\View.php(213): CodeIgniter\View\View->CodeIgniter\View\{closure}()
#2 C:\xampp\htdocs\wedding_org\system\Common.php(1089): CodeIgniter\View\View->render('gawe/get', Array, true)
#3 C:\xampp\htdocs\wedding_org\app\Controllers\Gawe.php(14): view('gawe/get', Array)
#4 C:\xampp\htdocs\wedding_org\system\CodeIgniter.php(832): App\Controllers\Gawe->index()
#5 C:\xampp\htdocs\wedding_org\system\CodeIgniter.php(419): CodeIgniter\CodeIgniter->runController(Object(App\Controllers\Gawe))
#6 C:\xampp\htdocs\wedding_org\system\CodeIgniter.php(326): CodeIgniter\CodeIgniter->handleRequest(NULL, Object(Config\Cache), false)
#7 C:\xampp\htdocs\wedding_org\public\index.php(37): CodeIgniter\CodeIgniter->run()
#8 C:\xampp\htdocs\wedding_org\system\Commands\Server\rewrite.php(43): require_once('C:\\xampp\\htdocs...')
#9 {main}
CRITICAL - 2022-04-16 03:49:10 --> Unsupported operand types: string + int
#0 C:\xampp\htdocs\wedding_org\system\View\View.php(210): include()
#1 C:\xampp\htdocs\wedding_org\system\View\View.php(213): CodeIgniter\View\View->CodeIgniter\View\{closure}()
#2 C:\xampp\htdocs\wedding_org\system\Common.php(1089): CodeIgniter\View\View->render('gawe/get', Array, true)
#3 C:\xampp\htdocs\wedding_org\app\Controllers\Gawe.php(14): view('gawe/get', Array)
#4 C:\xampp\htdocs\wedding_org\system\CodeIgniter.php(832): App\Controllers\Gawe->index()
#5 C:\xampp\htdocs\wedding_org\system\CodeIgniter.php(419): CodeIgniter\CodeIgniter->runController(Object(App\Controllers\Gawe))
#6 C:\xampp\htdocs\wedding_org\system\CodeIgniter.php(326): CodeIgniter\CodeIgniter->handleRequest(NULL, Object(Config\Cache), false)
#7 C:\xampp\htdocs\wedding_org\public\index.php(37): CodeIgniter\CodeIgniter->run()
#8 C:\xampp\htdocs\wedding_org\system\Commands\Server\rewrite.php(43): require_once('C:\\xampp\\htdocs...')
#9 {main}
CRITICAL - 2022-04-16 03:49:10 --> Unsupported operand types: string + int
#0 C:\xampp\htdocs\wedding_org\system\View\View.php(210): include()
#1 C:\xampp\htdocs\wedding_org\system\View\View.php(213): CodeIgniter\View\View->CodeIgniter\View\{closure}()
#2 C:\xampp\htdocs\wedding_org\system\Common.php(1089): CodeIgniter\View\View->render('gawe/get', Array, true)
#3 C:\xampp\htdocs\wedding_org\app\Controllers\Gawe.php(14): view('gawe/get', Array)
#4 C:\xampp\htdocs\wedding_org\system\CodeIgniter.php(832): App\Controllers\Gawe->index()
#5 C:\xampp\htdocs\wedding_org\system\CodeIgniter.php(419): CodeIgniter\CodeIgniter->runController(Object(App\Controllers\Gawe))
#6 C:\xampp\htdocs\wedding_org\system\CodeIgniter.php(326): CodeIgniter\CodeIgniter->handleRequest(NULL, Object(Config\Cache), false)
#7 C:\xampp\htdocs\wedding_org\public\index.php(37): CodeIgniter\CodeIgniter->run()
#8 C:\xampp\htdocs\wedding_org\system\Commands\Server\rewrite.php(43): require_once('C:\\xampp\\htdocs...')
#9 {main}
CRITICAL - 2022-04-16 03:49:11 --> Unsupported operand types: string + int
#0 C:\xampp\htdocs\wedding_org\system\View\View.php(210): include()
#1 C:\xampp\htdocs\wedding_org\system\View\View.php(213): CodeIgniter\View\View->CodeIgniter\View\{closure}()
#2 C:\xampp\htdocs\wedding_org\system\Common.php(1089): CodeIgniter\View\View->render('gawe/get', Array, true)
#3 C:\xampp\htdocs\wedding_org\app\Controllers\Gawe.php(14): view('gawe/get', Array)
#4 C:\xampp\htdocs\wedding_org\system\CodeIgniter.php(832): App\Controllers\Gawe->index()
#5 C:\xampp\htdocs\wedding_org\system\CodeIgniter.php(419): CodeIgniter\CodeIgniter->runController(Object(App\Controllers\Gawe))
#6 C:\xampp\htdocs\wedding_org\system\CodeIgniter.php(326): CodeIgniter\CodeIgniter->handleRequest(NULL, Object(Config\Cache), false)
#7 C:\xampp\htdocs\wedding_org\public\index.php(37): CodeIgniter\CodeIgniter->run()
#8 C:\xampp\htdocs\wedding_org\system\Commands\Server\rewrite.php(43): require_once('C:\\xampp\\htdocs...')
#9 {main}
CRITICAL - 2022-04-16 03:55:01 --> Undefined property: mysqli::$name_gawe
#0 C:\xampp\htdocs\wedding_org\app\Views\Gawe\get.php(29): CodeIgniter\Debug\Exceptions->errorHandler(2, 'Undefined prope...', 'C:\\xampp\\htdocs...', 29)
#1 C:\xampp\htdocs\wedding_org\system\View\View.php(210): include('C:\\xampp\\htdocs...')
#2 C:\xampp\htdocs\wedding_org\system\View\View.php(213): CodeIgniter\View\View->CodeIgniter\View\{closure}()
#3 C:\xampp\htdocs\wedding_org\system\Common.php(1089): CodeIgniter\View\View->render('gawe/get', Array, true)
#4 C:\xampp\htdocs\wedding_org\app\Controllers\Gawe.php(14): view('gawe/get', Array)
#5 C:\xampp\htdocs\wedding_org\system\CodeIgniter.php(832): App\Controllers\Gawe->index()
#6 C:\xampp\htdocs\wedding_org\system\CodeIgniter.php(419): CodeIgniter\CodeIgniter->runController(Object(App\Controllers\Gawe))
#7 C:\xampp\htdocs\wedding_org\system\CodeIgniter.php(326): CodeIgniter\CodeIgniter->handleRequest(NULL, Object(Config\Cache), false)
#8 C:\xampp\htdocs\wedding_org\public\index.php(37): CodeIgniter\CodeIgniter->run()
#9 C:\xampp\htdocs\wedding_org\system\Commands\Server\rewrite.php(43): require_once('C:\\xampp\\htdocs...')
#10 {main}
CRITICAL - 2022-04-16 03:56:00 --> Undefined property: mysqli::$name_gawe
#0 C:\xampp\htdocs\wedding_org\app\Views\Gawe\get.php(29): CodeIgniter\Debug\Exceptions->errorHandler(2, 'Undefined prope...', 'C:\\xampp\\htdocs...', 29)
#1 C:\xampp\htdocs\wedding_org\system\View\View.php(210): include('C:\\xampp\\htdocs...')
#2 C:\xampp\htdocs\wedding_org\system\View\View.php(213): CodeIgniter\View\View->CodeIgniter\View\{closure}()
#3 C:\xampp\htdocs\wedding_org\system\Common.php(1089): CodeIgniter\View\View->render('gawe/get', Array, true)
#4 C:\xampp\htdocs\wedding_org\app\Controllers\Gawe.php(14): view('gawe/get', Array)
#5 C:\xampp\htdocs\wedding_org\system\CodeIgniter.php(832): App\Controllers\Gawe->index()
#6 C:\xampp\htdocs\wedding_org\system\CodeIgniter.php(419): CodeIgniter\CodeIgniter->runController(Object(App\Controllers\Gawe))
#7 C:\xampp\htdocs\wedding_org\system\CodeIgniter.php(326): CodeIgniter\CodeIgniter->handleRequest(NULL, Object(Config\Cache), false)
#8 C:\xampp\htdocs\wedding_org\public\index.php(37): CodeIgniter\CodeIgniter->run()
#9 C:\xampp\htdocs\wedding_org\system\Commands\Server\rewrite.php(43): require_once('C:\\xampp\\htdocs...')
#10 {main}
CRITICAL - 2022-04-16 03:56:12 --> Undefined property: mysqli::$name_gawe
#0 C:\xampp\htdocs\wedding_org\app\Views\Gawe\get.php(29): CodeIgniter\Debug\Exceptions->errorHandler(2, 'Undefined prope...', 'C:\\xampp\\htdocs...', 29)
#1 C:\xampp\htdocs\wedding_org\system\View\View.php(210): include('C:\\xampp\\htdocs...')
#2 C:\xampp\htdocs\wedding_org\system\View\View.php(213): CodeIgniter\View\View->CodeIgniter\View\{closure}()
#3 C:\xampp\htdocs\wedding_org\system\Common.php(1089): CodeIgniter\View\View->render('gawe/get', Array, true)
#4 C:\xampp\htdocs\wedding_org\app\Controllers\Gawe.php(14): view('gawe/get', Array)
#5 C:\xampp\htdocs\wedding_org\system\CodeIgniter.php(832): App\Controllers\Gawe->index()
#6 C:\xampp\htdocs\wedding_org\system\CodeIgniter.php(419): CodeIgniter\CodeIgniter->runController(Object(App\Controllers\Gawe))
#7 C:\xampp\htdocs\wedding_org\system\CodeIgniter.php(326): CodeIgniter\CodeIgniter->handleRequest(NULL, Object(Config\Cache), false)
#8 C:\xampp\htdocs\wedding_org\public\index.php(37): CodeIgniter\CodeIgniter->run()
#9 C:\xampp\htdocs\wedding_org\system\Commands\Server\rewrite.php(43): require_once('C:\\xampp\\htdocs...')
#10 {main}
CRITICAL - 2022-04-16 03:56:19 --> Unsupported operand types: string + int
#0 C:\xampp\htdocs\wedding_org\system\View\View.php(210): include()
#1 C:\xampp\htdocs\wedding_org\system\View\View.php(213): CodeIgniter\View\View->CodeIgniter\View\{closure}()
#2 C:\xampp\htdocs\wedding_org\system\Common.php(1089): CodeIgniter\View\View->render('gawe/get', Array, true)
#3 C:\xampp\htdocs\wedding_org\app\Controllers\Gawe.php(14): view('gawe/get', Array)
#4 C:\xampp\htdocs\wedding_org\system\CodeIgniter.php(832): App\Controllers\Gawe->index()
#5 C:\xampp\htdocs\wedding_org\system\CodeIgniter.php(419): CodeIgniter\CodeIgniter->runController(Object(App\Controllers\Gawe))
#6 C:\xampp\htdocs\wedding_org\system\CodeIgniter.php(326): CodeIgniter\CodeIgniter->handleRequest(NULL, Object(Config\Cache), false)
#7 C:\xampp\htdocs\wedding_org\public\index.php(37): CodeIgniter\CodeIgniter->run()
#8 C:\xampp\htdocs\wedding_org\system\Commands\Server\rewrite.php(43): require_once('C:\\xampp\\htdocs...')
#9 {main}
CRITICAL - 2022-04-16 03:59:10 --> Unsupported operand types: string + int
#0 C:\xampp\htdocs\wedding_org\system\View\View.php(210): include()
#1 C:\xampp\htdocs\wedding_org\system\View\View.php(213): CodeIgniter\View\View->CodeIgniter\View\{closure}()
#2 C:\xampp\htdocs\wedding_org\system\Common.php(1089): CodeIgniter\View\View->render('gawe/get', Array, true)
#3 C:\xampp\htdocs\wedding_org\app\Controllers\Gawe.php(14): view('gawe/get', Array)
#4 C:\xampp\htdocs\wedding_org\system\CodeIgniter.php(832): App\Controllers\Gawe->index()
#5 C:\xampp\htdocs\wedding_org\system\CodeIgniter.php(419): CodeIgniter\CodeIgniter->runController(Object(App\Controllers\Gawe))
#6 C:\xampp\htdocs\wedding_org\system\CodeIgniter.php(326): CodeIgniter\CodeIgniter->handleRequest(NULL, Object(Config\Cache), false)
#7 C:\xampp\htdocs\wedding_org\public\index.php(37): CodeIgniter\CodeIgniter->run()
#8 C:\xampp\htdocs\wedding_org\system\Commands\Server\rewrite.php(43): require_once('C:\\xampp\\htdocs...')
#9 {main}
CRITICAL - 2022-04-16 04:00:14 --> Unsupported operand types: string + string
#0 C:\xampp\htdocs\wedding_org\system\View\View.php(210): include()
#1 C:\xampp\htdocs\wedding_org\system\View\View.php(213): CodeIgniter\View\View->CodeIgniter\View\{closure}()
#2 C:\xampp\htdocs\wedding_org\system\Common.php(1089): CodeIgniter\View\View->render('gawe/get', Array, true)
#3 C:\xampp\htdocs\wedding_org\app\Controllers\Gawe.php(14): view('gawe/get', Array)
#4 C:\xampp\htdocs\wedding_org\system\CodeIgniter.php(832): App\Controllers\Gawe->index()
#5 C:\xampp\htdocs\wedding_org\system\CodeIgniter.php(419): CodeIgniter\CodeIgniter->runController(Object(App\Controllers\Gawe))
#6 C:\xampp\htdocs\wedding_org\system\CodeIgniter.php(326): CodeIgniter\CodeIgniter->handleRequest(NULL, Object(Config\Cache), false)
#7 C:\xampp\htdocs\wedding_org\public\index.php(37): CodeIgniter\CodeIgniter->run()
#8 C:\xampp\htdocs\wedding_org\system\Commands\Server\rewrite.php(43): require_once('C:\\xampp\\htdocs...')
#9 {main}
CRITICAL - 2022-04-16 04:00:50 --> Unsupported operand types: string + int
#0 C:\xampp\htdocs\wedding_org\system\View\View.php(210): include()
#1 C:\xampp\htdocs\wedding_org\system\View\View.php(213): CodeIgniter\View\View->CodeIgniter\View\{closure}()
#2 C:\xampp\htdocs\wedding_org\system\Common.php(1089): CodeIgniter\View\View->render('gawe/get', Array, true)
#3 C:\xampp\htdocs\wedding_org\app\Controllers\Gawe.php(14): view('gawe/get', Array)
#4 C:\xampp\htdocs\wedding_org\system\CodeIgniter.php(832): App\Controllers\Gawe->index()
#5 C:\xampp\htdocs\wedding_org\system\CodeIgniter.php(419): CodeIgniter\CodeIgniter->runController(Object(App\Controllers\Gawe))
#6 C:\xampp\htdocs\wedding_org\system\CodeIgniter.php(326): CodeIgniter\CodeIgniter->handleRequest(NULL, Object(Config\Cache), false)
#7 C:\xampp\htdocs\wedding_org\public\index.php(37): CodeIgniter\CodeIgniter->run()
#8 C:\xampp\htdocs\wedding_org\system\Commands\Server\rewrite.php(43): require_once('C:\\xampp\\htdocs...')
#9 {main}
CRITICAL - 2022-04-16 04:06:14 --> Undefined property: mysqli::$id_gawe
#0 C:\xampp\htdocs\wedding_org\app\Views\Gawe\get.php(28): CodeIgniter\Debug\Exceptions->errorHandler(2, 'Undefined prope...', 'C:\\xampp\\htdocs...', 28)
#1 C:\xampp\htdocs\wedding_org\system\View\View.php(210): include('C:\\xampp\\htdocs...')
#2 C:\xampp\htdocs\wedding_org\system\View\View.php(213): CodeIgniter\View\View->CodeIgniter\View\{closure}()
#3 C:\xampp\htdocs\wedding_org\system\Common.php(1089): CodeIgniter\View\View->render('gawe/get', Array, true)
#4 C:\xampp\htdocs\wedding_org\app\Controllers\Gawe.php(14): view('gawe/get', Array)
#5 C:\xampp\htdocs\wedding_org\system\CodeIgniter.php(832): App\Controllers\Gawe->index()
#6 C:\xampp\htdocs\wedding_org\system\CodeIgniter.php(419): CodeIgniter\CodeIgniter->runController(Object(App\Controllers\Gawe))
#7 C:\xampp\htdocs\wedding_org\system\CodeIgniter.php(326): CodeIgniter\CodeIgniter->handleRequest(NULL, Object(Config\Cache), false)
#8 C:\xampp\htdocs\wedding_org\public\index.php(37): CodeIgniter\CodeIgniter->run()
#9 C:\xampp\htdocs\wedding_org\system\Commands\Server\rewrite.php(43): require_once('C:\\xampp\\htdocs...')
#10 {main}
CRITICAL - 2022-04-16 04:07:11 --> Unsupported operand types: string + int
#0 C:\xampp\htdocs\wedding_org\system\View\View.php(210): include()
#1 C:\xampp\htdocs\wedding_org\system\View\View.php(213): CodeIgniter\View\View->CodeIgniter\View\{closure}()
#2 C:\xampp\htdocs\wedding_org\system\Common.php(1089): CodeIgniter\View\View->render('gawe/get', Array, true)
#3 C:\xampp\htdocs\wedding_org\app\Controllers\Gawe.php(14): view('gawe/get', Array)
#4 C:\xampp\htdocs\wedding_org\system\CodeIgniter.php(832): App\Controllers\Gawe->index()
#5 C:\xampp\htdocs\wedding_org\system\CodeIgniter.php(419): CodeIgniter\CodeIgniter->runController(Object(App\Controllers\Gawe))
#6 C:\xampp\htdocs\wedding_org\system\CodeIgniter.php(326): CodeIgniter\CodeIgniter->handleRequest(NULL, Object(Config\Cache), false)
#7 C:\xampp\htdocs\wedding_org\public\index.php(37): CodeIgniter\CodeIgniter->run()
#8 C:\xampp\htdocs\wedding_org\system\Commands\Server\rewrite.php(43): require_once('C:\\xampp\\htdocs...')
#9 {main}
CRITICAL - 2022-04-16 04:07:38 --> Unsupported operand types: string + int
#0 C:\xampp\htdocs\wedding_org\system\View\View.php(210): include()
#1 C:\xampp\htdocs\wedding_org\system\View\View.php(213): CodeIgniter\View\View->CodeIgniter\View\{closure}()
#2 C:\xampp\htdocs\wedding_org\system\Common.php(1089): CodeIgniter\View\View->render('gawe/get', Array, true)
#3 C:\xampp\htdocs\wedding_org\app\Controllers\Gawe.php(14): view('gawe/get', Array)
#4 C:\xampp\htdocs\wedding_org\system\CodeIgniter.php(832): App\Controllers\Gawe->index()
#5 C:\xampp\htdocs\wedding_org\system\CodeIgniter.php(419): CodeIgniter\CodeIgniter->runController(Object(App\Controllers\Gawe))
#6 C:\xampp\htdocs\wedding_org\system\CodeIgniter.php(326): CodeIgniter\CodeIgniter->handleRequest(NULL, Object(Config\Cache), false)
#7 C:\xampp\htdocs\wedding_org\public\index.php(37): CodeIgniter\CodeIgniter->run()
#8 C:\xampp\htdocs\wedding_org\system\Commands\Server\rewrite.php(43): require_once('C:\\xampp\\htdocs...')
#9 {main}
CRITICAL - 2022-04-16 04:07:39 --> Unsupported operand types: string + int
#0 C:\xampp\htdocs\wedding_org\system\View\View.php(210): include()
#1 C:\xampp\htdocs\wedding_org\system\View\View.php(213): CodeIgniter\View\View->CodeIgniter\View\{closure}()
#2 C:\xampp\htdocs\wedding_org\system\Common.php(1089): CodeIgniter\View\View->render('gawe/get', Array, true)
#3 C:\xampp\htdocs\wedding_org\app\Controllers\Gawe.php(14): view('gawe/get', Array)
#4 C:\xampp\htdocs\wedding_org\system\CodeIgniter.php(832): App\Controllers\Gawe->index()
#5 C:\xampp\htdocs\wedding_org\system\CodeIgniter.php(419): CodeIgniter\CodeIgniter->runController(Object(App\Controllers\Gawe))
#6 C:\xampp\htdocs\wedding_org\system\CodeIgniter.php(326): CodeIgniter\CodeIgniter->handleRequest(NULL, Object(Config\Cache), false)
#7 C:\xampp\htdocs\wedding_org\public\index.php(37): CodeIgniter\CodeIgniter->run()
#8 C:\xampp\htdocs\wedding_org\system\Commands\Server\rewrite.php(43): require_once('C:\\xampp\\htdocs...')
#9 {main}
CRITICAL - 2022-04-16 04:07:40 --> Unsupported operand types: string + int
#0 C:\xampp\htdocs\wedding_org\system\View\View.php(210): include()
#1 C:\xampp\htdocs\wedding_org\system\View\View.php(213): CodeIgniter\View\View->CodeIgniter\View\{closure}()
#2 C:\xampp\htdocs\wedding_org\system\Common.php(1089): CodeIgniter\View\View->render('gawe/get', Array, true)
#3 C:\xampp\htdocs\wedding_org\app\Controllers\Gawe.php(14): view('gawe/get', Array)
#4 C:\xampp\htdocs\wedding_org\system\CodeIgniter.php(832): App\Controllers\Gawe->index()
#5 C:\xampp\htdocs\wedding_org\system\CodeIgniter.php(419): CodeIgniter\CodeIgniter->runController(Object(App\Controllers\Gawe))
#6 C:\xampp\htdocs\wedding_org\system\CodeIgniter.php(326): CodeIgniter\CodeIgniter->handleRequest(NULL, Object(Config\Cache), false)
#7 C:\xampp\htdocs\wedding_org\public\index.php(37): CodeIgniter\CodeIgniter->run()
#8 C:\xampp\htdocs\wedding_org\system\Commands\Server\rewrite.php(43): require_once('C:\\xampp\\htdocs...')
#9 {main}
CRITICAL - 2022-04-16 20:45:49 --> Unsupported operand types: string + int
#0 C:\xampp\htdocs\wedding_org\system\View\View.php(210): include()
#1 C:\xampp\htdocs\wedding_org\system\View\View.php(213): CodeIgniter\View\View->CodeIgniter\View\{closure}()
#2 C:\xampp\htdocs\wedding_org\system\Common.php(1089): CodeIgniter\View\View->render('gawe/get', Array, true)
#3 C:\xampp\htdocs\wedding_org\app\Controllers\Gawe.php(14): view('gawe/get', Array)
#4 C:\xampp\htdocs\wedding_org\system\CodeIgniter.php(832): App\Controllers\Gawe->index()
#5 C:\xampp\htdocs\wedding_org\system\CodeIgniter.php(419): CodeIgniter\CodeIgniter->runController(Object(App\Controllers\Gawe))
#6 C:\xampp\htdocs\wedding_org\system\CodeIgniter.php(326): CodeIgniter\CodeIgniter->handleRequest(NULL, Object(Config\Cache), false)
#7 C:\xampp\htdocs\wedding_org\public\index.php(37): CodeIgniter\CodeIgniter->run()
#8 C:\xampp\htdocs\wedding_org\system\Commands\Server\rewrite.php(43): require_once('C:\\xampp\\htdocs...')
#9 {main}
CRITICAL - 2022-04-16 20:46:22 --> Unsupported operand types: string + int
#0 C:\xampp\htdocs\wedding_org\system\View\View.php(210): include()
#1 C:\xampp\htdocs\wedding_org\system\View\View.php(213): CodeIgniter\View\View->CodeIgniter\View\{closure}()
#2 C:\xampp\htdocs\wedding_org\system\Common.php(1089): CodeIgniter\View\View->render('gawe/get', Array, true)
#3 C:\xampp\htdocs\wedding_org\app\Controllers\Gawe.php(14): view('gawe/get', Array)
#4 C:\xampp\htdocs\wedding_org\system\CodeIgniter.php(832): App\Controllers\Gawe->index()
#5 C:\xampp\htdocs\wedding_org\system\CodeIgniter.php(419): CodeIgniter\CodeIgniter->runController(Object(App\Controllers\Gawe))
#6 C:\xampp\htdocs\wedding_org\system\CodeIgniter.php(326): CodeIgniter\CodeIgniter->handleRequest(NULL, Object(Config\Cache), false)
#7 C:\xampp\htdocs\wedding_org\public\index.php(37): CodeIgniter\CodeIgniter->run()
#8 C:\xampp\htdocs\wedding_org\system\Commands\Server\rewrite.php(43): require_once('C:\\xampp\\htdocs...')
#9 {main}
CRITICAL - 2022-04-16 20:47:00 --> Unsupported operand types: string + int
#0 C:\xampp\htdocs\wedding_org\system\View\View.php(210): include()
#1 C:\xampp\htdocs\wedding_org\system\View\View.php(213): CodeIgniter\View\View->CodeIgniter\View\{closure}()
#2 C:\xampp\htdocs\wedding_org\system\Common.php(1089): CodeIgniter\View\View->render('gawe/get', Array, true)
#3 C:\xampp\htdocs\wedding_org\app\Controllers\Gawe.php(14): view('gawe/get', Array)
#4 C:\xampp\htdocs\wedding_org\system\CodeIgniter.php(832): App\Controllers\Gawe->index()
#5 C:\xampp\htdocs\wedding_org\system\CodeIgniter.php(419): CodeIgniter\CodeIgniter->runController(Object(App\Controllers\Gawe))
#6 C:\xampp\htdocs\wedding_org\system\CodeIgniter.php(326): CodeIgniter\CodeIgniter->handleRequest(NULL, Object(Config\Cache), false)
#7 C:\xampp\htdocs\wedding_org\public\index.php(37): CodeIgniter\CodeIgniter->run()
#8 C:\xampp\htdocs\wedding_org\system\Commands\Server\rewrite.php(43): require_once('C:\\xampp\\htdocs...')
#9 {main}
CRITICAL - 2022-04-16 20:48:16 --> Unsupported operand types: string + int
#0 C:\xampp\htdocs\wedding_org\system\View\View.php(210): include()
#1 C:\xampp\htdocs\wedding_org\system\View\View.php(213): CodeIgniter\View\View->CodeIgniter\View\{closure}()
#2 C:\xampp\htdocs\wedding_org\system\Common.php(1089): CodeIgniter\View\View->render('gawe/get', Array, true)
#3 C:\xampp\htdocs\wedding_org\app\Controllers\Gawe.php(14): view('gawe/get', Array)
#4 C:\xampp\htdocs\wedding_org\system\CodeIgniter.php(832): App\Controllers\Gawe->index()
#5 C:\xampp\htdocs\wedding_org\system\CodeIgniter.php(419): CodeIgniter\CodeIgniter->runController(Object(App\Controllers\Gawe))
#6 C:\xampp\htdocs\wedding_org\system\CodeIgniter.php(326): CodeIgniter\CodeIgniter->handleRequest(NULL, Object(Config\Cache), false)
#7 C:\xampp\htdocs\wedding_org\public\index.php(37): CodeIgniter\CodeIgniter->run()
#8 C:\xampp\htdocs\wedding_org\system\Commands\Server\rewrite.php(43): require_once('C:\\xampp\\htdocs...')
#9 {main}
CRITICAL - 2022-04-16 20:48:51 --> Unsupported operand types: string + int
#0 C:\xampp\htdocs\wedding_org\system\View\View.php(210): include()
#1 C:\xampp\htdocs\wedding_org\system\View\View.php(213): CodeIgniter\View\View->CodeIgniter\View\{closure}()
#2 C:\xampp\htdocs\wedding_org\system\Common.php(1089): CodeIgniter\View\View->render('gawe/get', Array, true)
#3 C:\xampp\htdocs\wedding_org\app\Controllers\Gawe.php(14): view('gawe/get', Array)
#4 C:\xampp\htdocs\wedding_org\system\CodeIgniter.php(832): App\Controllers\Gawe->index()
#5 C:\xampp\htdocs\wedding_org\system\CodeIgniter.php(419): CodeIgniter\CodeIgniter->runController(Object(App\Controllers\Gawe))
#6 C:\xampp\htdocs\wedding_org\system\CodeIgniter.php(326): CodeIgniter\CodeIgniter->handleRequest(NULL, Object(Config\Cache), false)
#7 C:\xampp\htdocs\wedding_org\public\index.php(37): CodeIgniter\CodeIgniter->run()
#8 C:\xampp\htdocs\wedding_org\system\Commands\Server\rewrite.php(43): require_once('C:\\xampp\\htdocs...')
#9 {main}
CRITICAL - 2022-04-16 20:49:23 --> Unsupported operand types: string + int
#0 C:\xampp\htdocs\wedding_org\system\View\View.php(210): include()
#1 C:\xampp\htdocs\wedding_org\system\View\View.php(213): CodeIgniter\View\View->CodeIgniter\View\{closure}()
#2 C:\xampp\htdocs\wedding_org\system\Common.php(1089): CodeIgniter\View\View->render('gawe/get', Array, true)
#3 C:\xampp\htdocs\wedding_org\app\Controllers\Gawe.php(14): view('gawe/get', Array)
#4 C:\xampp\htdocs\wedding_org\system\CodeIgniter.php(832): App\Controllers\Gawe->index()
#5 C:\xampp\htdocs\wedding_org\system\CodeIgniter.php(419): CodeIgniter\CodeIgniter->runController(Object(App\Controllers\Gawe))
#6 C:\xampp\htdocs\wedding_org\system\CodeIgniter.php(326): CodeIgniter\CodeIgniter->handleRequest(NULL, Object(Config\Cache), false)
#7 C:\xampp\htdocs\wedding_org\public\index.php(37): CodeIgniter\CodeIgniter->run()
#8 C:\xampp\htdocs\wedding_org\system\Commands\Server\rewrite.php(43): require_once('C:\\xampp\\htdocs...')
#9 {main}
CRITICAL - 2022-04-16 20:49:56 --> Unsupported operand types: string + int
#0 C:\xampp\htdocs\wedding_org\system\View\View.php(210): include()
#1 C:\xampp\htdocs\wedding_org\system\View\View.php(213): CodeIgniter\View\View->CodeIgniter\View\{closure}()
#2 C:\xampp\htdocs\wedding_org\system\Common.php(1089): CodeIgniter\View\View->render('gawe/get', Array, true)
#3 C:\xampp\htdocs\wedding_org\app\Controllers\Gawe.php(14): view('gawe/get', Array)
#4 C:\xampp\htdocs\wedding_org\system\CodeIgniter.php(832): App\Controllers\Gawe->index()
#5 C:\xampp\htdocs\wedding_org\system\CodeIgniter.php(419): CodeIgniter\CodeIgniter->runController(Object(App\Controllers\Gawe))
#6 C:\xampp\htdocs\wedding_org\system\CodeIgniter.php(326): CodeIgniter\CodeIgniter->handleRequest(NULL, Object(Config\Cache), false)
#7 C:\xampp\htdocs\wedding_org\public\index.php(37): CodeIgniter\CodeIgniter->run()
#8 C:\xampp\htdocs\wedding_org\system\Commands\Server\rewrite.php(43): require_once('C:\\xampp\\htdocs...')
#9 {main}
CRITICAL - 2022-04-16 23:05:03 --> Invalid file: gawe/edit.php
#0 C:\xampp\htdocs\wedding_org\system\View\View.php(198): CodeIgniter\Exceptions\FrameworkException::forInvalidFile('gawe/edit.php')
#1 C:\xampp\htdocs\wedding_org\system\Common.php(1089): CodeIgniter\View\View->render('gawe/edit', Array, true)
#2 C:\xampp\htdocs\wedding_org\app\Controllers\Gawe.php(39): view('gawe/edit', Array)
#3 C:\xampp\htdocs\wedding_org\system\CodeIgniter.php(832): App\Controllers\Gawe->edit('1')
#4 C:\xampp\htdocs\wedding_org\system\CodeIgniter.php(419): CodeIgniter\CodeIgniter->runController(Object(App\Controllers\Gawe))
#5 C:\xampp\htdocs\wedding_org\system\CodeIgniter.php(326): CodeIgniter\CodeIgniter->handleRequest(NULL, Object(Config\Cache), false)
#6 C:\xampp\htdocs\wedding_org\public\index.php(37): CodeIgniter\CodeIgniter->run()
#7 C:\xampp\htdocs\wedding_org\system\Commands\Server\rewrite.php(43): require_once('C:\\xampp\\htdocs...')
#8 {main}
CRITICAL - 2022-04-16 23:34:53 --> Too few arguments to function App\Controllers\Gawe::update(), 0 passed in C:\xampp\htdocs\wedding_org\system\CodeIgniter.php on line 832 and exactly 1 expected
#0 C:\xampp\htdocs\wedding_org\system\CodeIgniter.php(832): App\Controllers\Gawe->update()
#1 C:\xampp\htdocs\wedding_org\system\CodeIgniter.php(419): CodeIgniter\CodeIgniter->runController(Object(App\Controllers\Gawe))
#2 C:\xampp\htdocs\wedding_org\system\CodeIgniter.php(326): CodeIgniter\CodeIgniter->handleRequest(NULL, Object(Config\Cache), false)
#3 C:\xampp\htdocs\wedding_org\public\index.php(37): CodeIgniter\CodeIgniter->run()
#4 C:\xampp\htdocs\wedding_org\system\Commands\Server\rewrite.php(43): require_once('C:\\xampp\\htdocs...')
#5 {main}
CRITICAL - 2022-04-16 23:35:04 --> Too few arguments to function App\Controllers\Gawe::update(), 0 passed in C:\xampp\htdocs\wedding_org\system\CodeIgniter.php on line 832 and exactly 1 expected
#0 C:\xampp\htdocs\wedding_org\system\CodeIgniter.php(832): App\Controllers\Gawe->update()
#1 C:\xampp\htdocs\wedding_org\system\CodeIgniter.php(419): CodeIgniter\CodeIgniter->runController(Object(App\Controllers\Gawe))
#2 C:\xampp\htdocs\wedding_org\system\CodeIgniter.php(326): CodeIgniter\CodeIgniter->handleRequest(NULL, Object(Config\Cache), false)
#3 C:\xampp\htdocs\wedding_org\public\index.php(37): CodeIgniter\CodeIgniter->run()
#4 C:\xampp\htdocs\wedding_org\system\Commands\Server\rewrite.php(43): require_once('C:\\xampp\\htdocs...')
#5 {main}
CRITICAL - 2022-04-16 23:35:59 --> Too few arguments to function App\Controllers\Gawe::update(), 0 passed in C:\xampp\htdocs\wedding_org\system\CodeIgniter.php on line 832 and exactly 1 expected
#0 C:\xampp\htdocs\wedding_org\system\CodeIgniter.php(832): App\Controllers\Gawe->update()
#1 C:\xampp\htdocs\wedding_org\system\CodeIgniter.php(419): CodeIgniter\CodeIgniter->runController(Object(App\Controllers\Gawe))
#2 C:\xampp\htdocs\wedding_org\system\CodeIgniter.php(326): CodeIgniter\CodeIgniter->handleRequest(NULL, Object(Config\Cache), false)
#3 C:\xampp\htdocs\wedding_org\public\index.php(37): CodeIgniter\CodeIgniter->run()
#4 C:\xampp\htdocs\wedding_org\system\Commands\Server\rewrite.php(43): require_once('C:\\xampp\\htdocs...')
#5 {main}
CRITICAL - 2022-04-16 23:36:01 --> Too few arguments to function App\Controllers\Gawe::update(), 0 passed in C:\xampp\htdocs\wedding_org\system\CodeIgniter.php on line 832 and exactly 1 expected
#0 C:\xampp\htdocs\wedding_org\system\CodeIgniter.php(832): App\Controllers\Gawe->update()
#1 C:\xampp\htdocs\wedding_org\system\CodeIgniter.php(419): CodeIgniter\CodeIgniter->runController(Object(App\Controllers\Gawe))
#2 C:\xampp\htdocs\wedding_org\system\CodeIgniter.php(326): CodeIgniter\CodeIgniter->handleRequest(NULL, Object(Config\Cache), false)
#3 C:\xampp\htdocs\wedding_org\public\index.php(37): CodeIgniter\CodeIgniter->run()
#4 C:\xampp\htdocs\wedding_org\system\Commands\Server\rewrite.php(43): require_once('C:\\xampp\\htdocs...')
#5 {main}
CRITICAL - 2022-04-16 23:39:37 --> Undefined variable $info_gawe
#0 C:\xampp\htdocs\wedding_org\app\Views\Gawe\edit.php(32): CodeIgniter\Debug\Exceptions->errorHandler(2, 'Undefined varia...', 'C:\\xampp\\htdocs...', 32)
#1 C:\xampp\htdocs\wedding_org\system\View\View.php(210): include('C:\\xampp\\htdocs...')
#2 C:\xampp\htdocs\wedding_org\system\View\View.php(213): CodeIgniter\View\View->CodeIgniter\View\{closure}()
#3 C:\xampp\htdocs\wedding_org\system\Common.php(1089): CodeIgniter\View\View->render('gawe/edit', Array, true)
#4 C:\xampp\htdocs\wedding_org\app\Controllers\Gawe.php(39): view('gawe/edit', Array)
#5 C:\xampp\htdocs\wedding_org\system\CodeIgniter.php(832): App\Controllers\Gawe->edit('7')
#6 C:\xampp\htdocs\wedding_org\system\CodeIgniter.php(419): CodeIgniter\CodeIgniter->runController(Object(App\Controllers\Gawe))
#7 C:\xampp\htdocs\wedding_org\system\CodeIgniter.php(326): CodeIgniter\CodeIgniter->handleRequest(NULL, Object(Config\Cache), false)
#8 C:\xampp\htdocs\wedding_org\public\index.php(37): CodeIgniter\CodeIgniter->run()
#9 C:\xampp\htdocs\wedding_org\system\Commands\Server\rewrite.php(43): require_once('C:\\xampp\\htdocs...')
#10 {main}
