CRITICAL - 2022-04-05 14:04:56 --> The framework needs the following extension(s) installed and loaded: intl.
#0 C:\xampp\htdocs\wedding_org\system\CodeIgniter.php(219): CodeIgniter\Exceptions\FrameworkException::forMissingExtension('intl')
#1 C:\xampp\htdocs\wedding_org\system\CodeIgniter.php(177): CodeIgniter\CodeIgniter->resolvePlatformExtensions()
#2 C:\xampp\htdocs\wedding_org\system\bootstrap.php(146): CodeIgniter\CodeIgniter->initialize()
#3 C:\xampp\htdocs\wedding_org\spark(45): require('C:\\xampp\\htdocs...')
#4 {main}
CRITICAL - 2022-04-05 14:27:34 --> The framework needs the following extension(s) installed and loaded: intl.
#0 C:\xampp\htdocs\wedding_org\system\CodeIgniter.php(219): CodeIgniter\Exceptions\FrameworkException::forMissingExtension('intl')
#1 C:\xampp\htdocs\wedding_org\system\CodeIgniter.php(177): CodeIgniter\CodeIgniter->resolvePlatformExtensions()
#2 C:\xampp\htdocs\wedding_org\system\bootstrap.php(146): CodeIgniter\CodeIgniter->initialize()
#3 C:\xampp\htdocs\wedding_org\spark(45): require('C:\\xampp\\htdocs...')
#4 {main}
CRITICAL - 2022-04-05 15:18:50 --> The framework needs the following extension(s) installed and loaded: intl.
#0 C:\xampp\htdocs\wedding_org\system\CodeIgniter.php(219): CodeIgniter\Exceptions\FrameworkException::forMissingExtension('intl')
#1 C:\xampp\htdocs\wedding_org\system\CodeIgniter.php(177): CodeIgniter\CodeIgniter->resolvePlatformExtensions()
#2 C:\xampp\htdocs\wedding_org\system\bootstrap.php(146): CodeIgniter\CodeIgniter->initialize()
#3 C:\xampp\htdocs\wedding_org\spark(45): require('C:\\xampp\\htdocs...')
#4 {main}
CRITICAL - 2022-04-05 15:19:55 --> The framework needs the following extension(s) installed and loaded: intl.
#0 C:\xampp\htdocs\wedding_org\system\CodeIgniter.php(219): CodeIgniter\Exceptions\FrameworkException::forMissingExtension('intl')
#1 C:\xampp\htdocs\wedding_org\system\CodeIgniter.php(177): CodeIgniter\CodeIgniter->resolvePlatformExtensions()
#2 C:\xampp\htdocs\wedding_org\system\bootstrap.php(146): CodeIgniter\CodeIgniter->initialize()
#3 C:\xampp\htdocs\wedding_org\public\index.php(28): require('C:\\xampp\\htdocs...')
#4 {main}
CRITICAL - 2022-04-05 15:22:42 --> The framework needs the following extension(s) installed and loaded: intl.
#0 C:\xampp\htdocs\wedding_org\system\CodeIgniter.php(219): CodeIgniter\Exceptions\FrameworkException::forMissingExtension('intl')
#1 C:\xampp\htdocs\wedding_org\system\CodeIgniter.php(177): CodeIgniter\CodeIgniter->resolvePlatformExtensions()
#2 C:\xampp\htdocs\wedding_org\system\bootstrap.php(146): CodeIgniter\CodeIgniter->initialize()
#3 C:\xampp\htdocs\wedding_org\spark(45): require('C:\\xampp\\htdocs...')
#4 {main}
CRITICAL - 2022-04-05 15:27:20 --> The framework needs the following extension(s) installed and loaded: intl.
#0 C:\xampp\htdocs\wedding_org\system\CodeIgniter.php(219): CodeIgniter\Exceptions\FrameworkException::forMissingExtension('intl')
#1 C:\xampp\htdocs\wedding_org\system\CodeIgniter.php(177): CodeIgniter\CodeIgniter->resolvePlatformExtensions()
#2 C:\xampp\htdocs\wedding_org\system\bootstrap.php(146): CodeIgniter\CodeIgniter->initialize()
#3 C:\xampp\htdocs\wedding_org\spark(45): require('C:\\xampp\\htdocs...')
#4 {main}
